---------------------------------------
Resource Usage Report for Pc2Drone 

Mapping to part: ice40up5ksg48
Cell usage:
GND             3 uses
SB_CARRY        20 uses
SB_DFF          34 uses
SB_DFFESR       19 uses
SB_DFFSR        18 uses
VCC             3 uses
SB_LUT4         138 uses

I/O ports: 11
I/O primitives: 11
SB_GB_IO       1 use
SB_IO          10 uses

I/O Register bits:                  0
Register bits not including I/Os:   71 (1%)

@S |Mapping Summary:
Total  LUTs: 138 (2%)

Distribution of All Consumed LUTs = LUT4 
Distribution of All Consumed Luts 138 = 138 

