---------------------------------------
Resource Usage Report for Pc2drone 

Mapping to part: ice40up5ksg48
Cell usage:
GND             13 uses
SB_CARRY        410 uses
SB_DFF          76 uses
SB_DFFE         66 uses
SB_DFFESR       630 uses
SB_DFFESS       4 uses
SB_DFFSR        166 uses
SB_DFFSS        39 uses
SB_GB           8 uses
VCC             13 uses
SB_MAC16            7 uses
  MULTONLY  7 uses
SB_LUT4         1883 uses

I/O ports: 11
I/O primitives: 11
SB_IO          10 uses
SB_PLL40_PAD   1 use

I/O Register bits:                  0
Register bits not including I/Os:   981 (18%)

@S |Mapping Summary:
Total  LUTs: 1883 (35%)

Distribution of All Consumed LUTs = LUT4 
Distribution of All Consumed Luts 1883 = 1883 

