#! /usr/local/bin/vvp
:ivl_version "10.1 (stable)";
:ivl_delay_selection "TYPICAL";
:vpi_time_precision + 0;
:vpi_module "system";
:vpi_module "vhdl_sys";
:vpi_module "v2005_math";
:vpi_module "va_math";
S_00000000009e60c0 .scope module, "DP16KD" "DP16KD" 2 479;
 .timescale 0 0;
    .port_info 0 /INPUT 1 "DIA17"
    .port_info 1 /INPUT 1 "DIA16"
    .port_info 2 /INPUT 1 "DIA15"
    .port_info 3 /INPUT 1 "DIA14"
    .port_info 4 /INPUT 1 "DIA13"
    .port_info 5 /INPUT 1 "DIA12"
    .port_info 6 /INPUT 1 "DIA11"
    .port_info 7 /INPUT 1 "DIA10"
    .port_info 8 /INPUT 1 "DIA9"
    .port_info 9 /INPUT 1 "DIA8"
    .port_info 10 /INPUT 1 "DIA7"
    .port_info 11 /INPUT 1 "DIA6"
    .port_info 12 /INPUT 1 "DIA5"
    .port_info 13 /INPUT 1 "DIA4"
    .port_info 14 /INPUT 1 "DIA3"
    .port_info 15 /INPUT 1 "DIA2"
    .port_info 16 /INPUT 1 "DIA1"
    .port_info 17 /INPUT 1 "DIA0"
    .port_info 18 /INPUT 1 "ADA13"
    .port_info 19 /INPUT 1 "ADA12"
    .port_info 20 /INPUT 1 "ADA11"
    .port_info 21 /INPUT 1 "ADA10"
    .port_info 22 /INPUT 1 "ADA9"
    .port_info 23 /INPUT 1 "ADA8"
    .port_info 24 /INPUT 1 "ADA7"
    .port_info 25 /INPUT 1 "ADA6"
    .port_info 26 /INPUT 1 "ADA5"
    .port_info 27 /INPUT 1 "ADA4"
    .port_info 28 /INPUT 1 "ADA3"
    .port_info 29 /INPUT 1 "ADA2"
    .port_info 30 /INPUT 1 "ADA1"
    .port_info 31 /INPUT 1 "ADA0"
    .port_info 32 /INPUT 1 "CEA"
    .port_info 33 /INPUT 1 "OCEA"
    .port_info 34 /INPUT 1 "CLKA"
    .port_info 35 /INPUT 1 "WEA"
    .port_info 36 /INPUT 1 "RSTA"
    .port_info 37 /INPUT 1 "CSA2"
    .port_info 38 /INPUT 1 "CSA1"
    .port_info 39 /INPUT 1 "CSA0"
    .port_info 40 /OUTPUT 1 "DOA17"
    .port_info 41 /OUTPUT 1 "DOA16"
    .port_info 42 /OUTPUT 1 "DOA15"
    .port_info 43 /OUTPUT 1 "DOA14"
    .port_info 44 /OUTPUT 1 "DOA13"
    .port_info 45 /OUTPUT 1 "DOA12"
    .port_info 46 /OUTPUT 1 "DOA11"
    .port_info 47 /OUTPUT 1 "DOA10"
    .port_info 48 /OUTPUT 1 "DOA9"
    .port_info 49 /OUTPUT 1 "DOA8"
    .port_info 50 /OUTPUT 1 "DOA7"
    .port_info 51 /OUTPUT 1 "DOA6"
    .port_info 52 /OUTPUT 1 "DOA5"
    .port_info 53 /OUTPUT 1 "DOA4"
    .port_info 54 /OUTPUT 1 "DOA3"
    .port_info 55 /OUTPUT 1 "DOA2"
    .port_info 56 /OUTPUT 1 "DOA1"
    .port_info 57 /OUTPUT 1 "DOA0"
    .port_info 58 /INPUT 1 "DIB17"
    .port_info 59 /INPUT 1 "DIB16"
    .port_info 60 /INPUT 1 "DIB15"
    .port_info 61 /INPUT 1 "DIB14"
    .port_info 62 /INPUT 1 "DIB13"
    .port_info 63 /INPUT 1 "DIB12"
    .port_info 64 /INPUT 1 "DIB11"
    .port_info 65 /INPUT 1 "DIB10"
    .port_info 66 /INPUT 1 "DIB9"
    .port_info 67 /INPUT 1 "DIB8"
    .port_info 68 /INPUT 1 "DIB7"
    .port_info 69 /INPUT 1 "DIB6"
    .port_info 70 /INPUT 1 "DIB5"
    .port_info 71 /INPUT 1 "DIB4"
    .port_info 72 /INPUT 1 "DIB3"
    .port_info 73 /INPUT 1 "DIB2"
    .port_info 74 /INPUT 1 "DIB1"
    .port_info 75 /INPUT 1 "DIB0"
    .port_info 76 /INPUT 1 "ADB13"
    .port_info 77 /INPUT 1 "ADB12"
    .port_info 78 /INPUT 1 "ADB11"
    .port_info 79 /INPUT 1 "ADB10"
    .port_info 80 /INPUT 1 "ADB9"
    .port_info 81 /INPUT 1 "ADB8"
    .port_info 82 /INPUT 1 "ADB7"
    .port_info 83 /INPUT 1 "ADB6"
    .port_info 84 /INPUT 1 "ADB5"
    .port_info 85 /INPUT 1 "ADB4"
    .port_info 86 /INPUT 1 "ADB3"
    .port_info 87 /INPUT 1 "ADB2"
    .port_info 88 /INPUT 1 "ADB1"
    .port_info 89 /INPUT 1 "ADB0"
    .port_info 90 /INPUT 1 "CEB"
    .port_info 91 /INPUT 1 "OCEB"
    .port_info 92 /INPUT 1 "CLKB"
    .port_info 93 /INPUT 1 "WEB"
    .port_info 94 /INPUT 1 "RSTB"
    .port_info 95 /INPUT 1 "CSB2"
    .port_info 96 /INPUT 1 "CSB1"
    .port_info 97 /INPUT 1 "CSB0"
    .port_info 98 /OUTPUT 1 "DOB17"
    .port_info 99 /OUTPUT 1 "DOB16"
    .port_info 100 /OUTPUT 1 "DOB15"
    .port_info 101 /OUTPUT 1 "DOB14"
    .port_info 102 /OUTPUT 1 "DOB13"
    .port_info 103 /OUTPUT 1 "DOB12"
    .port_info 104 /OUTPUT 1 "DOB11"
    .port_info 105 /OUTPUT 1 "DOB10"
    .port_info 106 /OUTPUT 1 "DOB9"
    .port_info 107 /OUTPUT 1 "DOB8"
    .port_info 108 /OUTPUT 1 "DOB7"
    .port_info 109 /OUTPUT 1 "DOB6"
    .port_info 110 /OUTPUT 1 "DOB5"
    .port_info 111 /OUTPUT 1 "DOB4"
    .port_info 112 /OUTPUT 1 "DOB3"
    .port_info 113 /OUTPUT 1 "DOB2"
    .port_info 114 /OUTPUT 1 "DOB1"
    .port_info 115 /OUTPUT 1 "DOB0"
P_00000000029fe0c0 .param/str "ADA0MUX" 0 2 538, "ADA0";
P_00000000029fe0f8 .param/str "ADA10MUX" 0 2 528, "ADA10";
P_00000000029fe130 .param/str "ADA11MUX" 0 2 527, "ADA11";
P_00000000029fe168 .param/str "ADA12MUX" 0 2 526, "ADA12";
P_00000000029fe1a0 .param/str "ADA13MUX" 0 2 525, "ADA13";
P_00000000029fe1d8 .param/str "ADA1MUX" 0 2 537, "ADA1";
P_00000000029fe210 .param/str "ADA2MUX" 0 2 536, "ADA2";
P_00000000029fe248 .param/str "ADA3MUX" 0 2 535, "ADA3";
P_00000000029fe280 .param/str "ADA4MUX" 0 2 534, "ADA4";
P_00000000029fe2b8 .param/str "ADA5MUX" 0 2 533, "ADA5";
P_00000000029fe2f0 .param/str "ADA6MUX" 0 2 532, "ADA6";
P_00000000029fe328 .param/str "ADA7MUX" 0 2 531, "ADA7";
P_00000000029fe360 .param/str "ADA8MUX" 0 2 530, "ADA8";
P_00000000029fe398 .param/str "ADA9MUX" 0 2 529, "ADA9";
P_00000000029fe3d0 .param/str "ADB0MUX" 0 2 596, "ADB0";
P_00000000029fe408 .param/str "ADB10MUX" 0 2 586, "ADB10";
P_00000000029fe440 .param/str "ADB11MUX" 0 2 585, "ADB11";
P_00000000029fe478 .param/str "ADB12MUX" 0 2 584, "ADB12";
P_00000000029fe4b0 .param/str "ADB13MUX" 0 2 583, "ADB13";
P_00000000029fe4e8 .param/str "ADB1MUX" 0 2 595, "ADB1";
P_00000000029fe520 .param/str "ADB2MUX" 0 2 594, "ADB2";
P_00000000029fe558 .param/str "ADB3MUX" 0 2 593, "ADB3";
P_00000000029fe590 .param/str "ADB4MUX" 0 2 592, "ADB4";
P_00000000029fe5c8 .param/str "ADB5MUX" 0 2 591, "ADB5";
P_00000000029fe600 .param/str "ADB6MUX" 0 2 590, "ADB6";
P_00000000029fe638 .param/str "ADB7MUX" 0 2 589, "ADB7";
P_00000000029fe670 .param/str "ADB8MUX" 0 2 588, "ADB8";
P_00000000029fe6a8 .param/str "ADB9MUX" 0 2 587, "ADB9";
P_00000000029fe6e0 .param/str "ASYNC_RESET_RELEASE" 0 2 499, "SYNC";
P_00000000029fe718 .param/str "CEAMUX" 0 2 539, "CEA";
P_00000000029fe750 .param/str "CEBMUX" 0 2 597, "CEB";
P_00000000029fe788 .param/str "CLKAMUX" 0 2 541, "CLKA";
P_00000000029fe7c0 .param/str "CLKBMUX" 0 2 599, "CLKB";
P_00000000029fe7f8 .param/str "CSA0MUX" 0 2 546, "CSA0";
P_00000000029fe830 .param/str "CSA1MUX" 0 2 545, "CSA1";
P_00000000029fe868 .param/str "CSA2MUX" 0 2 544, "CSA2";
P_00000000029fe8a0 .param/str "CSB0MUX" 0 2 604, "CSB0";
P_00000000029fe8d8 .param/str "CSB1MUX" 0 2 603, "CSB1";
P_00000000029fe910 .param/str "CSB2MUX" 0 2 602, "CSB2";
P_00000000029fe948 .param/str "CSDECODE_A" 0 2 501, "0b000";
P_00000000029fe980 .param/str "CSDECODE_B" 0 2 502, "0b000";
P_00000000029fe9b8 .param/l "DATA_WIDTH_A" 0 2 492, +C4<00000000000000000000000000010010>;
P_00000000029fe9f0 .param/l "DATA_WIDTH_B" 0 2 493, +C4<00000000000000000000000000010010>;
P_00000000029fea28 .param/str "DIA0MUX" 0 2 524, "DIA0";
P_00000000029fea60 .param/str "DIA10MUX" 0 2 514, "DIA10";
P_00000000029fea98 .param/str "DIA11MUX" 0 2 513, "DIA11";
P_00000000029fead0 .param/str "DIA12MUX" 0 2 512, "DIA12";
P_00000000029feb08 .param/str "DIA13MUX" 0 2 511, "DIA13";
P_00000000029feb40 .param/str "DIA14MUX" 0 2 510, "DIA14";
P_00000000029feb78 .param/str "DIA15MUX" 0 2 509, "DIA15";
P_00000000029febb0 .param/str "DIA16MUX" 0 2 508, "DIA16";
P_00000000029febe8 .param/str "DIA17MUX" 0 2 507, "DIA17";
P_00000000029fec20 .param/str "DIA1MUX" 0 2 523, "DIA1";
P_00000000029fec58 .param/str "DIA2MUX" 0 2 522, "DIA2";
P_00000000029fec90 .param/str "DIA3MUX" 0 2 521, "DIA3";
P_00000000029fecc8 .param/str "DIA4MUX" 0 2 520, "DIA4";
P_00000000029fed00 .param/str "DIA5MUX" 0 2 519, "DIA5";
P_00000000029fed38 .param/str "DIA6MUX" 0 2 518, "DIA6";
P_00000000029fed70 .param/str "DIA7MUX" 0 2 517, "DIA7";
P_00000000029feda8 .param/str "DIA8MUX" 0 2 516, "DIA8";
P_00000000029fede0 .param/str "DIA9MUX" 0 2 515, "DIA9";
P_00000000029fee18 .param/str "DIB0MUX" 0 2 582, "DIB0";
P_00000000029fee50 .param/str "DIB10MUX" 0 2 572, "DIB10";
P_00000000029fee88 .param/str "DIB11MUX" 0 2 571, "DIB11";
P_00000000029feec0 .param/str "DIB12MUX" 0 2 570, "DIB12";
P_00000000029feef8 .param/str "DIB13MUX" 0 2 569, "DIB13";
P_00000000029fef30 .param/str "DIB14MUX" 0 2 568, "DIB14";
P_00000000029fef68 .param/str "DIB15MUX" 0 2 567, "DIB15";
P_00000000029fefa0 .param/str "DIB16MUX" 0 2 566, "DIB16";
P_00000000029fefd8 .param/str "DIB17MUX" 0 2 565, "DIB17";
P_00000000029ff010 .param/str "DIB1MUX" 0 2 581, "DIB1";
P_00000000029ff048 .param/str "DIB2MUX" 0 2 580, "DIB2";
P_00000000029ff080 .param/str "DIB3MUX" 0 2 579, "DIB3";
P_00000000029ff0b8 .param/str "DIB4MUX" 0 2 578, "DIB4";
P_00000000029ff0f0 .param/str "DIB5MUX" 0 2 577, "DIB5";
P_00000000029ff128 .param/str "DIB6MUX" 0 2 576, "DIB6";
P_00000000029ff160 .param/str "DIB7MUX" 0 2 575, "DIB7";
P_00000000029ff198 .param/str "DIB8MUX" 0 2 574, "DIB8";
P_00000000029ff1d0 .param/str "DIB9MUX" 0 2 573, "DIB9";
P_00000000029ff208 .param/str "DOA0MUX" 0 2 564, "DOA0";
P_00000000029ff240 .param/str "DOA10MUX" 0 2 554, "DOA10";
P_00000000029ff278 .param/str "DOA11MUX" 0 2 553, "DOA11";
P_00000000029ff2b0 .param/str "DOA12MUX" 0 2 552, "DOA12";
P_00000000029ff2e8 .param/str "DOA13MUX" 0 2 551, "DOA13";
P_00000000029ff320 .param/str "DOA14MUX" 0 2 550, "DOA14";
P_00000000029ff358 .param/str "DOA15MUX" 0 2 549, "DOA15";
P_00000000029ff390 .param/str "DOA16MUX" 0 2 548, "DOA16";
P_00000000029ff3c8 .param/str "DOA17MUX" 0 2 547, "DOA17";
P_00000000029ff400 .param/str "DOA1MUX" 0 2 563, "DOA1";
P_00000000029ff438 .param/str "DOA2MUX" 0 2 562, "DOA2";
P_00000000029ff470 .param/str "DOA3MUX" 0 2 561, "DOA3";
P_00000000029ff4a8 .param/str "DOA4MUX" 0 2 560, "DOA4";
P_00000000029ff4e0 .param/str "DOA5MUX" 0 2 559, "DOA5";
P_00000000029ff518 .param/str "DOA6MUX" 0 2 558, "DOA6";
P_00000000029ff550 .param/str "DOA7MUX" 0 2 557, "DOA7";
P_00000000029ff588 .param/str "DOA8MUX" 0 2 556, "DOA8";
P_00000000029ff5c0 .param/str "DOA9MUX" 0 2 555, "DOA9";
P_00000000029ff5f8 .param/str "DOB0MUX" 0 2 622, "DOB0";
P_00000000029ff630 .param/str "DOB10MUX" 0 2 612, "DOB10";
P_00000000029ff668 .param/str "DOB11MUX" 0 2 611, "DOB11";
P_00000000029ff6a0 .param/str "DOB12MUX" 0 2 610, "DOB12";
P_00000000029ff6d8 .param/str "DOB13MUX" 0 2 609, "DOB13";
P_00000000029ff710 .param/str "DOB14MUX" 0 2 608, "DOB14";
P_00000000029ff748 .param/str "DOB15MUX" 0 2 607, "DOB15";
P_00000000029ff780 .param/str "DOB16MUX" 0 2 606, "DOB16";
P_00000000029ff7b8 .param/str "DOB17MUX" 0 2 605, "DOB17";
P_00000000029ff7f0 .param/str "DOB1MUX" 0 2 621, "DOB1";
P_00000000029ff828 .param/str "DOB2MUX" 0 2 620, "DOB2";
P_00000000029ff860 .param/str "DOB3MUX" 0 2 619, "DOB3";
P_00000000029ff898 .param/str "DOB4MUX" 0 2 618, "DOB4";
P_00000000029ff8d0 .param/str "DOB5MUX" 0 2 617, "DOB5";
P_00000000029ff908 .param/str "DOB6MUX" 0 2 616, "DOB6";
P_00000000029ff940 .param/str "DOB7MUX" 0 2 615, "DOB7";
P_00000000029ff978 .param/str "DOB8MUX" 0 2 614, "DOB8";
P_00000000029ff9b0 .param/str "DOB9MUX" 0 2 613, "DOB9";
P_00000000029ff9e8 .param/str "GSR" 0 2 626, "ENABLED";
P_00000000029ffa20 .param/l "INITVAL_00" 0 2 628, C4<00000000000000000000000000000000000000000000000000000000000000000000000000000000000000000000000000000000000000000000000000000000000000000000000000000000000000000000000000000000000000000000000000000000000000000000000000000000000000000000000000000000000000000000000000000000000000000000000000000000000000000000000000000000>;
P_00000000029ffa58 .param/l "INITVAL_01" 0 2 629, C4<00000000000000000000000000000000000000000000000000000000000000000000000000000000000000000000000000000000000000000000000000000000000000000000000000000000000000000000000000000000000000000000000000000000000000000000000000000000000000000000000000000000000000000000000000000000000000000000000000000000000000000000000000000000>;
P_00000000029ffa90 .param/l "INITVAL_02" 0 2 630, C4<00000000000000000000000000000000000000000000000000000000000000000000000000000000000000000000000000000000000000000000000000000000000000000000000000000000000000000000000000000000000000000000000000000000000000000000000000000000000000000000000000000000000000000000000000000000000000000000000000000000000000000000000000000000>;
P_00000000029ffac8 .param/l "INITVAL_03" 0 2 631, C4<00000000000000000000000000000000000000000000000000000000000000000000000000000000000000000000000000000000000000000000000000000000000000000000000000000000000000000000000000000000000000000000000000000000000000000000000000000000000000000000000000000000000000000000000000000000000000000000000000000000000000000000000000000000>;
P_00000000029ffb00 .param/l "INITVAL_04" 0 2 632, C4<00000000000000000000000000000000000000000000000000000000000000000000000000000000000000000000000000000000000000000000000000000000000000000000000000000000000000000000000000000000000000000000000000000000000000000000000000000000000000000000000000000000000000000000000000000000000000000000000000000000000000000000000000000000>;
P_00000000029ffb38 .param/l "INITVAL_05" 0 2 633, C4<00000000000000000000000000000000000000000000000000000000000000000000000000000000000000000000000000000000000000000000000000000000000000000000000000000000000000000000000000000000000000000000000000000000000000000000000000000000000000000000000000000000000000000000000000000000000000000000000000000000000000000000000000000000>;
P_00000000029ffb70 .param/l "INITVAL_06" 0 2 634, C4<00000000000000000000000000000000000000000000000000000000000000000000000000000000000000000000000000000000000000000000000000000000000000000000000000000000000000000000000000000000000000000000000000000000000000000000000000000000000000000000000000000000000000000000000000000000000000000000000000000000000000000000000000000000>;
P_00000000029ffba8 .param/l "INITVAL_07" 0 2 635, C4<00000000000000000000000000000000000000000000000000000000000000000000000000000000000000000000000000000000000000000000000000000000000000000000000000000000000000000000000000000000000000000000000000000000000000000000000000000000000000000000000000000000000000000000000000000000000000000000000000000000000000000000000000000000>;
P_00000000029ffbe0 .param/l "INITVAL_08" 0 2 636, C4<00000000000000000000000000000000000000000000000000000000000000000000000000000000000000000000000000000000000000000000000000000000000000000000000000000000000000000000000000000000000000000000000000000000000000000000000000000000000000000000000000000000000000000000000000000000000000000000000000000000000000000000000000000000>;
P_00000000029ffc18 .param/l "INITVAL_09" 0 2 637, C4<00000000000000000000000000000000000000000000000000000000000000000000000000000000000000000000000000000000000000000000000000000000000000000000000000000000000000000000000000000000000000000000000000000000000000000000000000000000000000000000000000000000000000000000000000000000000000000000000000000000000000000000000000000000>;
P_00000000029ffc50 .param/l "INITVAL_0A" 0 2 638, C4<00000000000000000000000000000000000000000000000000000000000000000000000000000000000000000000000000000000000000000000000000000000000000000000000000000000000000000000000000000000000000000000000000000000000000000000000000000000000000000000000000000000000000000000000000000000000000000000000000000000000000000000000000000000>;
P_00000000029ffc88 .param/l "INITVAL_0B" 0 2 639, C4<00000000000000000000000000000000000000000000000000000000000000000000000000000000000000000000000000000000000000000000000000000000000000000000000000000000000000000000000000000000000000000000000000000000000000000000000000000000000000000000000000000000000000000000000000000000000000000000000000000000000000000000000000000000>;
P_00000000029ffcc0 .param/l "INITVAL_0C" 0 2 640, C4<00000000000000000000000000000000000000000000000000000000000000000000000000000000000000000000000000000000000000000000000000000000000000000000000000000000000000000000000000000000000000000000000000000000000000000000000000000000000000000000000000000000000000000000000000000000000000000000000000000000000000000000000000000000>;
P_00000000029ffcf8 .param/l "INITVAL_0D" 0 2 641, C4<00000000000000000000000000000000000000000000000000000000000000000000000000000000000000000000000000000000000000000000000000000000000000000000000000000000000000000000000000000000000000000000000000000000000000000000000000000000000000000000000000000000000000000000000000000000000000000000000000000000000000000000000000000000>;
P_00000000029ffd30 .param/l "INITVAL_0E" 0 2 642, C4<00000000000000000000000000000000000000000000000000000000000000000000000000000000000000000000000000000000000000000000000000000000000000000000000000000000000000000000000000000000000000000000000000000000000000000000000000000000000000000000000000000000000000000000000000000000000000000000000000000000000000000000000000000000>;
P_00000000029ffd68 .param/l "INITVAL_0F" 0 2 643, C4<00000000000000000000000000000000000000000000000000000000000000000000000000000000000000000000000000000000000000000000000000000000000000000000000000000000000000000000000000000000000000000000000000000000000000000000000000000000000000000000000000000000000000000000000000000000000000000000000000000000000000000000000000000000>;
P_00000000029ffda0 .param/l "INITVAL_10" 0 2 644, C4<00000000000000000000000000000000000000000000000000000000000000000000000000000000000000000000000000000000000000000000000000000000000000000000000000000000000000000000000000000000000000000000000000000000000000000000000000000000000000000000000000000000000000000000000000000000000000000000000000000000000000000000000000000000>;
P_00000000029ffdd8 .param/l "INITVAL_11" 0 2 645, C4<00000000000000000000000000000000000000000000000000000000000000000000000000000000000000000000000000000000000000000000000000000000000000000000000000000000000000000000000000000000000000000000000000000000000000000000000000000000000000000000000000000000000000000000000000000000000000000000000000000000000000000000000000000000>;
P_00000000029ffe10 .param/l "INITVAL_12" 0 2 646, C4<00000000000000000000000000000000000000000000000000000000000000000000000000000000000000000000000000000000000000000000000000000000000000000000000000000000000000000000000000000000000000000000000000000000000000000000000000000000000000000000000000000000000000000000000000000000000000000000000000000000000000000000000000000000>;
P_00000000029ffe48 .param/l "INITVAL_13" 0 2 647, C4<00000000000000000000000000000000000000000000000000000000000000000000000000000000000000000000000000000000000000000000000000000000000000000000000000000000000000000000000000000000000000000000000000000000000000000000000000000000000000000000000000000000000000000000000000000000000000000000000000000000000000000000000000000000>;
P_00000000029ffe80 .param/l "INITVAL_14" 0 2 648, C4<00000000000000000000000000000000000000000000000000000000000000000000000000000000000000000000000000000000000000000000000000000000000000000000000000000000000000000000000000000000000000000000000000000000000000000000000000000000000000000000000000000000000000000000000000000000000000000000000000000000000000000000000000000000>;
P_00000000029ffeb8 .param/l "INITVAL_15" 0 2 649, C4<00000000000000000000000000000000000000000000000000000000000000000000000000000000000000000000000000000000000000000000000000000000000000000000000000000000000000000000000000000000000000000000000000000000000000000000000000000000000000000000000000000000000000000000000000000000000000000000000000000000000000000000000000000000>;
P_00000000029ffef0 .param/l "INITVAL_16" 0 2 650, C4<00000000000000000000000000000000000000000000000000000000000000000000000000000000000000000000000000000000000000000000000000000000000000000000000000000000000000000000000000000000000000000000000000000000000000000000000000000000000000000000000000000000000000000000000000000000000000000000000000000000000000000000000000000000>;
P_00000000029fff28 .param/l "INITVAL_17" 0 2 651, C4<00000000000000000000000000000000000000000000000000000000000000000000000000000000000000000000000000000000000000000000000000000000000000000000000000000000000000000000000000000000000000000000000000000000000000000000000000000000000000000000000000000000000000000000000000000000000000000000000000000000000000000000000000000000>;
P_00000000029fff60 .param/l "INITVAL_18" 0 2 652, C4<00000000000000000000000000000000000000000000000000000000000000000000000000000000000000000000000000000000000000000000000000000000000000000000000000000000000000000000000000000000000000000000000000000000000000000000000000000000000000000000000000000000000000000000000000000000000000000000000000000000000000000000000000000000>;
P_00000000029fff98 .param/l "INITVAL_19" 0 2 653, C4<00000000000000000000000000000000000000000000000000000000000000000000000000000000000000000000000000000000000000000000000000000000000000000000000000000000000000000000000000000000000000000000000000000000000000000000000000000000000000000000000000000000000000000000000000000000000000000000000000000000000000000000000000000000>;
P_00000000029fffd0 .param/l "INITVAL_1A" 0 2 654, C4<00000000000000000000000000000000000000000000000000000000000000000000000000000000000000000000000000000000000000000000000000000000000000000000000000000000000000000000000000000000000000000000000000000000000000000000000000000000000000000000000000000000000000000000000000000000000000000000000000000000000000000000000000000000>;
P_0000000002a00008 .param/l "INITVAL_1B" 0 2 655, C4<00000000000000000000000000000000000000000000000000000000000000000000000000000000000000000000000000000000000000000000000000000000000000000000000000000000000000000000000000000000000000000000000000000000000000000000000000000000000000000000000000000000000000000000000000000000000000000000000000000000000000000000000000000000>;
P_0000000002a00040 .param/l "INITVAL_1C" 0 2 656, C4<00000000000000000000000000000000000000000000000000000000000000000000000000000000000000000000000000000000000000000000000000000000000000000000000000000000000000000000000000000000000000000000000000000000000000000000000000000000000000000000000000000000000000000000000000000000000000000000000000000000000000000000000000000000>;
P_0000000002a00078 .param/l "INITVAL_1D" 0 2 657, C4<00000000000000000000000000000000000000000000000000000000000000000000000000000000000000000000000000000000000000000000000000000000000000000000000000000000000000000000000000000000000000000000000000000000000000000000000000000000000000000000000000000000000000000000000000000000000000000000000000000000000000000000000000000000>;
P_0000000002a000b0 .param/l "INITVAL_1E" 0 2 658, C4<00000000000000000000000000000000000000000000000000000000000000000000000000000000000000000000000000000000000000000000000000000000000000000000000000000000000000000000000000000000000000000000000000000000000000000000000000000000000000000000000000000000000000000000000000000000000000000000000000000000000000000000000000000000>;
P_0000000002a000e8 .param/l "INITVAL_1F" 0 2 659, C4<00000000000000000000000000000000000000000000000000000000000000000000000000000000000000000000000000000000000000000000000000000000000000000000000000000000000000000000000000000000000000000000000000000000000000000000000000000000000000000000000000000000000000000000000000000000000000000000000000000000000000000000000000000000>;
P_0000000002a00120 .param/l "INITVAL_20" 0 2 660, C4<00000000000000000000000000000000000000000000000000000000000000000000000000000000000000000000000000000000000000000000000000000000000000000000000000000000000000000000000000000000000000000000000000000000000000000000000000000000000000000000000000000000000000000000000000000000000000000000000000000000000000000000000000000000>;
P_0000000002a00158 .param/l "INITVAL_21" 0 2 661, C4<00000000000000000000000000000000000000000000000000000000000000000000000000000000000000000000000000000000000000000000000000000000000000000000000000000000000000000000000000000000000000000000000000000000000000000000000000000000000000000000000000000000000000000000000000000000000000000000000000000000000000000000000000000000>;
P_0000000002a00190 .param/l "INITVAL_22" 0 2 662, C4<00000000000000000000000000000000000000000000000000000000000000000000000000000000000000000000000000000000000000000000000000000000000000000000000000000000000000000000000000000000000000000000000000000000000000000000000000000000000000000000000000000000000000000000000000000000000000000000000000000000000000000000000000000000>;
P_0000000002a001c8 .param/l "INITVAL_23" 0 2 663, C4<00000000000000000000000000000000000000000000000000000000000000000000000000000000000000000000000000000000000000000000000000000000000000000000000000000000000000000000000000000000000000000000000000000000000000000000000000000000000000000000000000000000000000000000000000000000000000000000000000000000000000000000000000000000>;
P_0000000002a00200 .param/l "INITVAL_24" 0 2 664, C4<00000000000000000000000000000000000000000000000000000000000000000000000000000000000000000000000000000000000000000000000000000000000000000000000000000000000000000000000000000000000000000000000000000000000000000000000000000000000000000000000000000000000000000000000000000000000000000000000000000000000000000000000000000000>;
P_0000000002a00238 .param/l "INITVAL_25" 0 2 665, C4<00000000000000000000000000000000000000000000000000000000000000000000000000000000000000000000000000000000000000000000000000000000000000000000000000000000000000000000000000000000000000000000000000000000000000000000000000000000000000000000000000000000000000000000000000000000000000000000000000000000000000000000000000000000>;
P_0000000002a00270 .param/l "INITVAL_26" 0 2 666, C4<00000000000000000000000000000000000000000000000000000000000000000000000000000000000000000000000000000000000000000000000000000000000000000000000000000000000000000000000000000000000000000000000000000000000000000000000000000000000000000000000000000000000000000000000000000000000000000000000000000000000000000000000000000000>;
P_0000000002a002a8 .param/l "INITVAL_27" 0 2 667, C4<00000000000000000000000000000000000000000000000000000000000000000000000000000000000000000000000000000000000000000000000000000000000000000000000000000000000000000000000000000000000000000000000000000000000000000000000000000000000000000000000000000000000000000000000000000000000000000000000000000000000000000000000000000000>;
P_0000000002a002e0 .param/l "INITVAL_28" 0 2 668, C4<00000000000000000000000000000000000000000000000000000000000000000000000000000000000000000000000000000000000000000000000000000000000000000000000000000000000000000000000000000000000000000000000000000000000000000000000000000000000000000000000000000000000000000000000000000000000000000000000000000000000000000000000000000000>;
P_0000000002a00318 .param/l "INITVAL_29" 0 2 669, C4<00000000000000000000000000000000000000000000000000000000000000000000000000000000000000000000000000000000000000000000000000000000000000000000000000000000000000000000000000000000000000000000000000000000000000000000000000000000000000000000000000000000000000000000000000000000000000000000000000000000000000000000000000000000>;
P_0000000002a00350 .param/l "INITVAL_2A" 0 2 670, C4<00000000000000000000000000000000000000000000000000000000000000000000000000000000000000000000000000000000000000000000000000000000000000000000000000000000000000000000000000000000000000000000000000000000000000000000000000000000000000000000000000000000000000000000000000000000000000000000000000000000000000000000000000000000>;
P_0000000002a00388 .param/l "INITVAL_2B" 0 2 671, C4<00000000000000000000000000000000000000000000000000000000000000000000000000000000000000000000000000000000000000000000000000000000000000000000000000000000000000000000000000000000000000000000000000000000000000000000000000000000000000000000000000000000000000000000000000000000000000000000000000000000000000000000000000000000>;
P_0000000002a003c0 .param/l "INITVAL_2C" 0 2 672, C4<00000000000000000000000000000000000000000000000000000000000000000000000000000000000000000000000000000000000000000000000000000000000000000000000000000000000000000000000000000000000000000000000000000000000000000000000000000000000000000000000000000000000000000000000000000000000000000000000000000000000000000000000000000000>;
P_0000000002a003f8 .param/l "INITVAL_2D" 0 2 673, C4<00000000000000000000000000000000000000000000000000000000000000000000000000000000000000000000000000000000000000000000000000000000000000000000000000000000000000000000000000000000000000000000000000000000000000000000000000000000000000000000000000000000000000000000000000000000000000000000000000000000000000000000000000000000>;
P_0000000002a00430 .param/l "INITVAL_2E" 0 2 674, C4<00000000000000000000000000000000000000000000000000000000000000000000000000000000000000000000000000000000000000000000000000000000000000000000000000000000000000000000000000000000000000000000000000000000000000000000000000000000000000000000000000000000000000000000000000000000000000000000000000000000000000000000000000000000>;
P_0000000002a00468 .param/l "INITVAL_2F" 0 2 675, C4<00000000000000000000000000000000000000000000000000000000000000000000000000000000000000000000000000000000000000000000000000000000000000000000000000000000000000000000000000000000000000000000000000000000000000000000000000000000000000000000000000000000000000000000000000000000000000000000000000000000000000000000000000000000>;
P_0000000002a004a0 .param/l "INITVAL_30" 0 2 676, C4<00000000000000000000000000000000000000000000000000000000000000000000000000000000000000000000000000000000000000000000000000000000000000000000000000000000000000000000000000000000000000000000000000000000000000000000000000000000000000000000000000000000000000000000000000000000000000000000000000000000000000000000000000000000>;
P_0000000002a004d8 .param/l "INITVAL_31" 0 2 677, C4<00000000000000000000000000000000000000000000000000000000000000000000000000000000000000000000000000000000000000000000000000000000000000000000000000000000000000000000000000000000000000000000000000000000000000000000000000000000000000000000000000000000000000000000000000000000000000000000000000000000000000000000000000000000>;
P_0000000002a00510 .param/l "INITVAL_32" 0 2 678, C4<00000000000000000000000000000000000000000000000000000000000000000000000000000000000000000000000000000000000000000000000000000000000000000000000000000000000000000000000000000000000000000000000000000000000000000000000000000000000000000000000000000000000000000000000000000000000000000000000000000000000000000000000000000000>;
P_0000000002a00548 .param/l "INITVAL_33" 0 2 679, C4<00000000000000000000000000000000000000000000000000000000000000000000000000000000000000000000000000000000000000000000000000000000000000000000000000000000000000000000000000000000000000000000000000000000000000000000000000000000000000000000000000000000000000000000000000000000000000000000000000000000000000000000000000000000>;
P_0000000002a00580 .param/l "INITVAL_34" 0 2 680, C4<00000000000000000000000000000000000000000000000000000000000000000000000000000000000000000000000000000000000000000000000000000000000000000000000000000000000000000000000000000000000000000000000000000000000000000000000000000000000000000000000000000000000000000000000000000000000000000000000000000000000000000000000000000000>;
P_0000000002a005b8 .param/l "INITVAL_35" 0 2 681, C4<00000000000000000000000000000000000000000000000000000000000000000000000000000000000000000000000000000000000000000000000000000000000000000000000000000000000000000000000000000000000000000000000000000000000000000000000000000000000000000000000000000000000000000000000000000000000000000000000000000000000000000000000000000000>;
P_0000000002a005f0 .param/l "INITVAL_36" 0 2 682, C4<00000000000000000000000000000000000000000000000000000000000000000000000000000000000000000000000000000000000000000000000000000000000000000000000000000000000000000000000000000000000000000000000000000000000000000000000000000000000000000000000000000000000000000000000000000000000000000000000000000000000000000000000000000000>;
P_0000000002a00628 .param/l "INITVAL_37" 0 2 683, C4<00000000000000000000000000000000000000000000000000000000000000000000000000000000000000000000000000000000000000000000000000000000000000000000000000000000000000000000000000000000000000000000000000000000000000000000000000000000000000000000000000000000000000000000000000000000000000000000000000000000000000000000000000000000>;
P_0000000002a00660 .param/l "INITVAL_38" 0 2 684, C4<00000000000000000000000000000000000000000000000000000000000000000000000000000000000000000000000000000000000000000000000000000000000000000000000000000000000000000000000000000000000000000000000000000000000000000000000000000000000000000000000000000000000000000000000000000000000000000000000000000000000000000000000000000000>;
P_0000000002a00698 .param/l "INITVAL_39" 0 2 685, C4<00000000000000000000000000000000000000000000000000000000000000000000000000000000000000000000000000000000000000000000000000000000000000000000000000000000000000000000000000000000000000000000000000000000000000000000000000000000000000000000000000000000000000000000000000000000000000000000000000000000000000000000000000000000>;
P_0000000002a006d0 .param/l "INITVAL_3A" 0 2 686, C4<00000000000000000000000000000000000000000000000000000000000000000000000000000000000000000000000000000000000000000000000000000000000000000000000000000000000000000000000000000000000000000000000000000000000000000000000000000000000000000000000000000000000000000000000000000000000000000000000000000000000000000000000000000000>;
P_0000000002a00708 .param/l "INITVAL_3B" 0 2 687, C4<00000000000000000000000000000000000000000000000000000000000000000000000000000000000000000000000000000000000000000000000000000000000000000000000000000000000000000000000000000000000000000000000000000000000000000000000000000000000000000000000000000000000000000000000000000000000000000000000000000000000000000000000000000000>;
P_0000000002a00740 .param/l "INITVAL_3C" 0 2 688, C4<00000000000000000000000000000000000000000000000000000000000000000000000000000000000000000000000000000000000000000000000000000000000000000000000000000000000000000000000000000000000000000000000000000000000000000000000000000000000000000000000000000000000000000000000000000000000000000000000000000000000000000000000000000000>;
P_0000000002a00778 .param/l "INITVAL_3D" 0 2 689, C4<00000000000000000000000000000000000000000000000000000000000000000000000000000000000000000000000000000000000000000000000000000000000000000000000000000000000000000000000000000000000000000000000000000000000000000000000000000000000000000000000000000000000000000000000000000000000000000000000000000000000000000000000000000000>;
P_0000000002a007b0 .param/l "INITVAL_3E" 0 2 690, C4<00000000000000000000000000000000000000000000000000000000000000000000000000000000000000000000000000000000000000000000000000000000000000000000000000000000000000000000000000000000000000000000000000000000000000000000000000000000000000000000000000000000000000000000000000000000000000000000000000000000000000000000000000000000>;
P_0000000002a007e8 .param/l "INITVAL_3F" 0 2 691, C4<00000000000000000000000000000000000000000000000000000000000000000000000000000000000000000000000000000000000000000000000000000000000000000000000000000000000000000000000000000000000000000000000000000000000000000000000000000000000000000000000000000000000000000000000000000000000000000000000000000000000000000000000000000000>;
P_0000000002a00820 .param/str "OCEAMUX" 0 2 540, "OCEA";
P_0000000002a00858 .param/str "OCEBMUX" 0 2 598, "OCEB";
P_0000000002a00890 .param/str "REGMODE_A" 0 2 495, "NOREG";
P_0000000002a008c8 .param/str "REGMODE_B" 0 2 496, "NOREG";
P_0000000002a00900 .param/str "RESETMODE" 0 2 498, "SYNC";
P_0000000002a00938 .param/str "RSTAMUX" 0 2 543, "RSTA";
P_0000000002a00970 .param/str "RSTBMUX" 0 2 601, "RSTB";
P_0000000002a009a8 .param/str "WEAMUX" 0 2 542, "WEA";
P_0000000002a009e0 .param/str "WEBMUX" 0 2 600, "WEB";
P_0000000002a00a18 .param/l "WID" 0 2 624, +C4<00000000000000000000000000000000>;
P_0000000002a00a50 .param/str "WRITEMODE_A" 0 2 504, "NORMAL";
P_0000000002a00a88 .param/str "WRITEMODE_B" 0 2 505, "NORMAL";
o0000000002a08b08 .functor BUFZ 1, C4<z>; HiZ drive
v00000000029f1610_0 .net "ADA0", 0 0, o0000000002a08b08;  0 drivers
o0000000002a08b38 .functor BUFZ 1, C4<z>; HiZ drive
v00000000029f0e90_0 .net "ADA1", 0 0, o0000000002a08b38;  0 drivers
o0000000002a08b68 .functor BUFZ 1, C4<z>; HiZ drive
v00000000029f0990_0 .net "ADA10", 0 0, o0000000002a08b68;  0 drivers
o0000000002a08b98 .functor BUFZ 1, C4<z>; HiZ drive
v00000000029f0c10_0 .net "ADA11", 0 0, o0000000002a08b98;  0 drivers
o0000000002a08bc8 .functor BUFZ 1, C4<z>; HiZ drive
v00000000029f08f0_0 .net "ADA12", 0 0, o0000000002a08bc8;  0 drivers
o0000000002a08bf8 .functor BUFZ 1, C4<z>; HiZ drive
v00000000029f03f0_0 .net "ADA13", 0 0, o0000000002a08bf8;  0 drivers
o0000000002a08c28 .functor BUFZ 1, C4<z>; HiZ drive
v00000000029f14d0_0 .net "ADA2", 0 0, o0000000002a08c28;  0 drivers
o0000000002a08c58 .functor BUFZ 1, C4<z>; HiZ drive
v00000000029f1110_0 .net "ADA3", 0 0, o0000000002a08c58;  0 drivers
o0000000002a08c88 .functor BUFZ 1, C4<z>; HiZ drive
v00000000029f1cf0_0 .net "ADA4", 0 0, o0000000002a08c88;  0 drivers
o0000000002a08cb8 .functor BUFZ 1, C4<z>; HiZ drive
v00000000029f1a70_0 .net "ADA5", 0 0, o0000000002a08cb8;  0 drivers
o0000000002a08ce8 .functor BUFZ 1, C4<z>; HiZ drive
v00000000029f16b0_0 .net "ADA6", 0 0, o0000000002a08ce8;  0 drivers
o0000000002a08d18 .functor BUFZ 1, C4<z>; HiZ drive
v00000000029f1b10_0 .net "ADA7", 0 0, o0000000002a08d18;  0 drivers
o0000000002a08d48 .functor BUFZ 1, C4<z>; HiZ drive
v00000000029f05d0_0 .net "ADA8", 0 0, o0000000002a08d48;  0 drivers
o0000000002a08d78 .functor BUFZ 1, C4<z>; HiZ drive
v00000000029f0170_0 .net "ADA9", 0 0, o0000000002a08d78;  0 drivers
o0000000002a08da8 .functor BUFZ 1, C4<z>; HiZ drive
v00000000029f1750_0 .net "ADB0", 0 0, o0000000002a08da8;  0 drivers
o0000000002a08dd8 .functor BUFZ 1, C4<z>; HiZ drive
v00000000029f0cb0_0 .net "ADB1", 0 0, o0000000002a08dd8;  0 drivers
o0000000002a08e08 .functor BUFZ 1, C4<z>; HiZ drive
v00000000029f17f0_0 .net "ADB10", 0 0, o0000000002a08e08;  0 drivers
o0000000002a08e38 .functor BUFZ 1, C4<z>; HiZ drive
v00000000029f1d90_0 .net "ADB11", 0 0, o0000000002a08e38;  0 drivers
o0000000002a08e68 .functor BUFZ 1, C4<z>; HiZ drive
v00000000029f1890_0 .net "ADB12", 0 0, o0000000002a08e68;  0 drivers
o0000000002a08e98 .functor BUFZ 1, C4<z>; HiZ drive
v00000000029f0a30_0 .net "ADB13", 0 0, o0000000002a08e98;  0 drivers
o0000000002a08ec8 .functor BUFZ 1, C4<z>; HiZ drive
v00000000029f0d50_0 .net "ADB2", 0 0, o0000000002a08ec8;  0 drivers
o0000000002a08ef8 .functor BUFZ 1, C4<z>; HiZ drive
v00000000029f1930_0 .net "ADB3", 0 0, o0000000002a08ef8;  0 drivers
o0000000002a08f28 .functor BUFZ 1, C4<z>; HiZ drive
v00000000029f19d0_0 .net "ADB4", 0 0, o0000000002a08f28;  0 drivers
o0000000002a08f58 .functor BUFZ 1, C4<z>; HiZ drive
v00000000029f0490_0 .net "ADB5", 0 0, o0000000002a08f58;  0 drivers
o0000000002a08f88 .functor BUFZ 1, C4<z>; HiZ drive
v00000000029f0210_0 .net "ADB6", 0 0, o0000000002a08f88;  0 drivers
o0000000002a08fb8 .functor BUFZ 1, C4<z>; HiZ drive
v00000000029f1bb0_0 .net "ADB7", 0 0, o0000000002a08fb8;  0 drivers
o0000000002a08fe8 .functor BUFZ 1, C4<z>; HiZ drive
v00000000029f1070_0 .net "ADB8", 0 0, o0000000002a08fe8;  0 drivers
o0000000002a09018 .functor BUFZ 1, C4<z>; HiZ drive
v00000000029f0670_0 .net "ADB9", 0 0, o0000000002a09018;  0 drivers
o0000000002a09048 .functor BUFZ 1, C4<z>; HiZ drive
v00000000029f0710_0 .net "CEA", 0 0, o0000000002a09048;  0 drivers
o0000000002a09078 .functor BUFZ 1, C4<z>; HiZ drive
v00000000029f1e30_0 .net "CEB", 0 0, o0000000002a09078;  0 drivers
o0000000002a090a8 .functor BUFZ 1, C4<z>; HiZ drive
v00000000029f1ed0_0 .net "CLKA", 0 0, o0000000002a090a8;  0 drivers
o0000000002a090d8 .functor BUFZ 1, C4<z>; HiZ drive
v00000000029f1f70_0 .net "CLKB", 0 0, o0000000002a090d8;  0 drivers
o0000000002a09108 .functor BUFZ 1, C4<z>; HiZ drive
v00000000029f0fd0_0 .net "CSA0", 0 0, o0000000002a09108;  0 drivers
o0000000002a09138 .functor BUFZ 1, C4<z>; HiZ drive
v00000000029f0df0_0 .net "CSA1", 0 0, o0000000002a09138;  0 drivers
o0000000002a09168 .functor BUFZ 1, C4<z>; HiZ drive
v00000000029f0530_0 .net "CSA2", 0 0, o0000000002a09168;  0 drivers
o0000000002a09198 .functor BUFZ 1, C4<z>; HiZ drive
v00000000029f12f0_0 .net "CSB0", 0 0, o0000000002a09198;  0 drivers
o0000000002a091c8 .functor BUFZ 1, C4<z>; HiZ drive
v00000000029f11b0_0 .net "CSB1", 0 0, o0000000002a091c8;  0 drivers
o0000000002a091f8 .functor BUFZ 1, C4<z>; HiZ drive
v00000000029f0ad0_0 .net "CSB2", 0 0, o0000000002a091f8;  0 drivers
o0000000002a09228 .functor BUFZ 1, C4<z>; HiZ drive
v00000000029f00d0_0 .net "DIA0", 0 0, o0000000002a09228;  0 drivers
o0000000002a09258 .functor BUFZ 1, C4<z>; HiZ drive
v00000000029f02b0_0 .net "DIA1", 0 0, o0000000002a09258;  0 drivers
o0000000002a09288 .functor BUFZ 1, C4<z>; HiZ drive
v00000000029f0350_0 .net "DIA10", 0 0, o0000000002a09288;  0 drivers
o0000000002a092b8 .functor BUFZ 1, C4<z>; HiZ drive
v00000000029f07b0_0 .net "DIA11", 0 0, o0000000002a092b8;  0 drivers
o0000000002a092e8 .functor BUFZ 1, C4<z>; HiZ drive
v00000000029f0f30_0 .net "DIA12", 0 0, o0000000002a092e8;  0 drivers
o0000000002a09318 .functor BUFZ 1, C4<z>; HiZ drive
v00000000029f1250_0 .net "DIA13", 0 0, o0000000002a09318;  0 drivers
o0000000002a09348 .functor BUFZ 1, C4<z>; HiZ drive
v00000000009d5f50_0 .net "DIA14", 0 0, o0000000002a09348;  0 drivers
o0000000002a09378 .functor BUFZ 1, C4<z>; HiZ drive
v0000000002a627e0_0 .net "DIA15", 0 0, o0000000002a09378;  0 drivers
o0000000002a093a8 .functor BUFZ 1, C4<z>; HiZ drive
v0000000002a63aa0_0 .net "DIA16", 0 0, o0000000002a093a8;  0 drivers
o0000000002a093d8 .functor BUFZ 1, C4<z>; HiZ drive
v0000000002a63a00_0 .net "DIA17", 0 0, o0000000002a093d8;  0 drivers
o0000000002a09408 .functor BUFZ 1, C4<z>; HiZ drive
v0000000002a626a0_0 .net "DIA2", 0 0, o0000000002a09408;  0 drivers
o0000000002a09438 .functor BUFZ 1, C4<z>; HiZ drive
v0000000002a62a60_0 .net "DIA3", 0 0, o0000000002a09438;  0 drivers
o0000000002a09468 .functor BUFZ 1, C4<z>; HiZ drive
v0000000002a636e0_0 .net "DIA4", 0 0, o0000000002a09468;  0 drivers
o0000000002a09498 .functor BUFZ 1, C4<z>; HiZ drive
v0000000002a62ba0_0 .net "DIA5", 0 0, o0000000002a09498;  0 drivers
o0000000002a094c8 .functor BUFZ 1, C4<z>; HiZ drive
v0000000002a62380_0 .net "DIA6", 0 0, o0000000002a094c8;  0 drivers
o0000000002a094f8 .functor BUFZ 1, C4<z>; HiZ drive
v0000000002a63280_0 .net "DIA7", 0 0, o0000000002a094f8;  0 drivers
o0000000002a09528 .functor BUFZ 1, C4<z>; HiZ drive
v0000000002a62560_0 .net "DIA8", 0 0, o0000000002a09528;  0 drivers
o0000000002a09558 .functor BUFZ 1, C4<z>; HiZ drive
v0000000002a63be0_0 .net "DIA9", 0 0, o0000000002a09558;  0 drivers
o0000000002a09588 .functor BUFZ 1, C4<z>; HiZ drive
v0000000002a621a0_0 .net "DIB0", 0 0, o0000000002a09588;  0 drivers
o0000000002a095b8 .functor BUFZ 1, C4<z>; HiZ drive
v0000000002a63640_0 .net "DIB1", 0 0, o0000000002a095b8;  0 drivers
o0000000002a095e8 .functor BUFZ 1, C4<z>; HiZ drive
v0000000002a63460_0 .net "DIB10", 0 0, o0000000002a095e8;  0 drivers
o0000000002a09618 .functor BUFZ 1, C4<z>; HiZ drive
v0000000002a62880_0 .net "DIB11", 0 0, o0000000002a09618;  0 drivers
o0000000002a09648 .functor BUFZ 1, C4<z>; HiZ drive
v0000000002a630a0_0 .net "DIB12", 0 0, o0000000002a09648;  0 drivers
o0000000002a09678 .functor BUFZ 1, C4<z>; HiZ drive
v0000000002a631e0_0 .net "DIB13", 0 0, o0000000002a09678;  0 drivers
o0000000002a096a8 .functor BUFZ 1, C4<z>; HiZ drive
v0000000002a62060_0 .net "DIB14", 0 0, o0000000002a096a8;  0 drivers
o0000000002a096d8 .functor BUFZ 1, C4<z>; HiZ drive
v0000000002a62920_0 .net "DIB15", 0 0, o0000000002a096d8;  0 drivers
o0000000002a09708 .functor BUFZ 1, C4<z>; HiZ drive
v0000000002a63c80_0 .net "DIB16", 0 0, o0000000002a09708;  0 drivers
o0000000002a09738 .functor BUFZ 1, C4<z>; HiZ drive
v0000000002a629c0_0 .net "DIB17", 0 0, o0000000002a09738;  0 drivers
o0000000002a09768 .functor BUFZ 1, C4<z>; HiZ drive
v0000000002a638c0_0 .net "DIB2", 0 0, o0000000002a09768;  0 drivers
o0000000002a09798 .functor BUFZ 1, C4<z>; HiZ drive
v0000000002a63140_0 .net "DIB3", 0 0, o0000000002a09798;  0 drivers
o0000000002a097c8 .functor BUFZ 1, C4<z>; HiZ drive
v0000000002a62c40_0 .net "DIB4", 0 0, o0000000002a097c8;  0 drivers
o0000000002a097f8 .functor BUFZ 1, C4<z>; HiZ drive
v0000000002a62e20_0 .net "DIB5", 0 0, o0000000002a097f8;  0 drivers
o0000000002a09828 .functor BUFZ 1, C4<z>; HiZ drive
v0000000002a63960_0 .net "DIB6", 0 0, o0000000002a09828;  0 drivers
o0000000002a09858 .functor BUFZ 1, C4<z>; HiZ drive
v0000000002a63d20_0 .net "DIB7", 0 0, o0000000002a09858;  0 drivers
o0000000002a09888 .functor BUFZ 1, C4<z>; HiZ drive
v0000000002a62b00_0 .net "DIB8", 0 0, o0000000002a09888;  0 drivers
o0000000002a098b8 .functor BUFZ 1, C4<z>; HiZ drive
v0000000002a62100_0 .net "DIB9", 0 0, o0000000002a098b8;  0 drivers
o0000000002a098e8 .functor BUFZ 1, C4<z>; HiZ drive
v0000000002a62600_0 .net "DOA0", 0 0, o0000000002a098e8;  0 drivers
o0000000002a09918 .functor BUFZ 1, C4<z>; HiZ drive
v0000000002a63820_0 .net "DOA1", 0 0, o0000000002a09918;  0 drivers
o0000000002a09948 .functor BUFZ 1, C4<z>; HiZ drive
v0000000002a63780_0 .net "DOA10", 0 0, o0000000002a09948;  0 drivers
o0000000002a09978 .functor BUFZ 1, C4<z>; HiZ drive
v0000000002a63e60_0 .net "DOA11", 0 0, o0000000002a09978;  0 drivers
o0000000002a099a8 .functor BUFZ 1, C4<z>; HiZ drive
v0000000002a62ce0_0 .net "DOA12", 0 0, o0000000002a099a8;  0 drivers
o0000000002a099d8 .functor BUFZ 1, C4<z>; HiZ drive
v0000000002a62740_0 .net "DOA13", 0 0, o0000000002a099d8;  0 drivers
o0000000002a09a08 .functor BUFZ 1, C4<z>; HiZ drive
v0000000002a63000_0 .net "DOA14", 0 0, o0000000002a09a08;  0 drivers
o0000000002a09a38 .functor BUFZ 1, C4<z>; HiZ drive
v0000000002a62d80_0 .net "DOA15", 0 0, o0000000002a09a38;  0 drivers
o0000000002a09a68 .functor BUFZ 1, C4<z>; HiZ drive
v0000000002a62ec0_0 .net "DOA16", 0 0, o0000000002a09a68;  0 drivers
o0000000002a09a98 .functor BUFZ 1, C4<z>; HiZ drive
v0000000002a62f60_0 .net "DOA17", 0 0, o0000000002a09a98;  0 drivers
o0000000002a09ac8 .functor BUFZ 1, C4<z>; HiZ drive
v0000000002a63b40_0 .net "DOA2", 0 0, o0000000002a09ac8;  0 drivers
o0000000002a09af8 .functor BUFZ 1, C4<z>; HiZ drive
v0000000002a62420_0 .net "DOA3", 0 0, o0000000002a09af8;  0 drivers
o0000000002a09b28 .functor BUFZ 1, C4<z>; HiZ drive
v0000000002a62240_0 .net "DOA4", 0 0, o0000000002a09b28;  0 drivers
o0000000002a09b58 .functor BUFZ 1, C4<z>; HiZ drive
v0000000002a63dc0_0 .net "DOA5", 0 0, o0000000002a09b58;  0 drivers
o0000000002a09b88 .functor BUFZ 1, C4<z>; HiZ drive
v0000000002a63320_0 .net "DOA6", 0 0, o0000000002a09b88;  0 drivers
o0000000002a09bb8 .functor BUFZ 1, C4<z>; HiZ drive
v0000000002a633c0_0 .net "DOA7", 0 0, o0000000002a09bb8;  0 drivers
o0000000002a09be8 .functor BUFZ 1, C4<z>; HiZ drive
v0000000002a63500_0 .net "DOA8", 0 0, o0000000002a09be8;  0 drivers
o0000000002a09c18 .functor BUFZ 1, C4<z>; HiZ drive
v0000000002a63f00_0 .net "DOA9", 0 0, o0000000002a09c18;  0 drivers
o0000000002a09c48 .functor BUFZ 1, C4<z>; HiZ drive
v0000000002a622e0_0 .net "DOB0", 0 0, o0000000002a09c48;  0 drivers
o0000000002a09c78 .functor BUFZ 1, C4<z>; HiZ drive
v0000000002a624c0_0 .net "DOB1", 0 0, o0000000002a09c78;  0 drivers
o0000000002a09ca8 .functor BUFZ 1, C4<z>; HiZ drive
v0000000002a635a0_0 .net "DOB10", 0 0, o0000000002a09ca8;  0 drivers
o0000000002a09cd8 .functor BUFZ 1, C4<z>; HiZ drive
v0000000002a65160_0 .net "DOB11", 0 0, o0000000002a09cd8;  0 drivers
o0000000002a09d08 .functor BUFZ 1, C4<z>; HiZ drive
v0000000002a65520_0 .net "DOB12", 0 0, o0000000002a09d08;  0 drivers
o0000000002a09d38 .functor BUFZ 1, C4<z>; HiZ drive
v0000000002a66740_0 .net "DOB13", 0 0, o0000000002a09d38;  0 drivers
o0000000002a09d68 .functor BUFZ 1, C4<z>; HiZ drive
v0000000002a66600_0 .net "DOB14", 0 0, o0000000002a09d68;  0 drivers
o0000000002a09d98 .functor BUFZ 1, C4<z>; HiZ drive
v0000000002a667e0_0 .net "DOB15", 0 0, o0000000002a09d98;  0 drivers
o0000000002a09dc8 .functor BUFZ 1, C4<z>; HiZ drive
v0000000002a64080_0 .net "DOB16", 0 0, o0000000002a09dc8;  0 drivers
o0000000002a09df8 .functor BUFZ 1, C4<z>; HiZ drive
v0000000002a65840_0 .net "DOB17", 0 0, o0000000002a09df8;  0 drivers
o0000000002a09e28 .functor BUFZ 1, C4<z>; HiZ drive
v0000000002a64ee0_0 .net "DOB2", 0 0, o0000000002a09e28;  0 drivers
o0000000002a09e58 .functor BUFZ 1, C4<z>; HiZ drive
v0000000002a66240_0 .net "DOB3", 0 0, o0000000002a09e58;  0 drivers
o0000000002a09e88 .functor BUFZ 1, C4<z>; HiZ drive
v0000000002a64120_0 .net "DOB4", 0 0, o0000000002a09e88;  0 drivers
o0000000002a09eb8 .functor BUFZ 1, C4<z>; HiZ drive
v0000000002a64a80_0 .net "DOB5", 0 0, o0000000002a09eb8;  0 drivers
o0000000002a09ee8 .functor BUFZ 1, C4<z>; HiZ drive
v0000000002a65480_0 .net "DOB6", 0 0, o0000000002a09ee8;  0 drivers
o0000000002a09f18 .functor BUFZ 1, C4<z>; HiZ drive
v0000000002a64bc0_0 .net "DOB7", 0 0, o0000000002a09f18;  0 drivers
o0000000002a09f48 .functor BUFZ 1, C4<z>; HiZ drive
v0000000002a646c0_0 .net "DOB8", 0 0, o0000000002a09f48;  0 drivers
o0000000002a09f78 .functor BUFZ 1, C4<z>; HiZ drive
v0000000002a64da0_0 .net "DOB9", 0 0, o0000000002a09f78;  0 drivers
o0000000002a09fa8 .functor BUFZ 1, C4<z>; HiZ drive
v0000000002a65ac0_0 .net "OCEA", 0 0, o0000000002a09fa8;  0 drivers
o0000000002a09fd8 .functor BUFZ 1, C4<z>; HiZ drive
v0000000002a64e40_0 .net "OCEB", 0 0, o0000000002a09fd8;  0 drivers
o0000000002a0a008 .functor BUFZ 1, C4<z>; HiZ drive
v0000000002a64300_0 .net "RSTA", 0 0, o0000000002a0a008;  0 drivers
o0000000002a0a038 .functor BUFZ 1, C4<z>; HiZ drive
v0000000002a643a0_0 .net "RSTB", 0 0, o0000000002a0a038;  0 drivers
o0000000002a0a068 .functor BUFZ 1, C4<z>; HiZ drive
v0000000002a641c0_0 .net "WEA", 0 0, o0000000002a0a068;  0 drivers
o0000000002a0a098 .functor BUFZ 1, C4<z>; HiZ drive
v0000000002a66560_0 .net "WEB", 0 0, o0000000002a0a098;  0 drivers
S_00000000009e2dc0 .scope module, "DPR16X4C" "DPR16X4C" 2 153;
 .timescale 0 0;
    .port_info 0 /INPUT 4 "DI"
    .port_info 1 /INPUT 1 "WCK"
    .port_info 2 /INPUT 1 "WRE"
    .port_info 3 /INPUT 4 "RAD"
    .port_info 4 /INPUT 4 "WAD"
    .port_info 5 /OUTPUT 4 "DO"
P_00000000009fae30 .param/str "INITVAL" 0 2 162, "0x0000000000000000";
P_00000000009fae68 .param/l "conv_initval" 1 2 192, C4<0000000000000000000000000000000000000000000000000000000000000000>;
L_0000000000a13490 .functor BUFZ 4, L_0000000002a6c5c0, C4<0000>, C4<0000>, C4<0000>;
o0000000002a0b7a8 .functor BUFZ 4, C4<zzzz>; HiZ drive
v0000000002a66060_0 .net "DI", 3 0, o0000000002a0b7a8;  0 drivers
v0000000002a65200_0 .net "DO", 3 0, L_0000000000a13490;  1 drivers
o0000000002a0b808 .functor BUFZ 4, C4<zzzz>; HiZ drive
v0000000002a65980_0 .net "RAD", 3 0, o0000000002a0b808;  0 drivers
o0000000002a0b838 .functor BUFZ 4, C4<zzzz>; HiZ drive
v0000000002a65de0_0 .net "WAD", 3 0, o0000000002a0b838;  0 drivers
o0000000002a0b868 .functor BUFZ 1, C4<z>; HiZ drive
v0000000002a657a0_0 .net "WCK", 0 0, o0000000002a0b868;  0 drivers
o0000000002a0b898 .functor BUFZ 1, C4<z>; HiZ drive
v0000000002a64260_0 .net "WRE", 0 0, o0000000002a0b898;  0 drivers
v0000000002a649e0_0 .net *"_s0", 3 0, L_0000000002a6c5c0;  1 drivers
v0000000002a64d00_0 .net *"_s2", 5 0, L_0000000002a6b940;  1 drivers
L_0000000002a6f068 .functor BUFT 1, C4<00>, C4<0>, C4<0>, C4<0>;
v0000000002a64940_0 .net *"_s5", 1 0, L_0000000002a6f068;  1 drivers
v0000000002a65e80_0 .var/i "i", 31 0;
v0000000002a64440 .array "ram", 15 0, 3 0;
E_0000000000a93d00 .event posedge, v0000000002a657a0_0;
L_0000000002a6c5c0 .array/port v0000000002a64440, L_0000000002a6b940;
L_0000000002a6b940 .concat [ 4 2 0 0], o0000000002a0b808, L_0000000002a6f068;
S_0000000000a0c7d0 .scope function, "convert_initval" "convert_initval" 2 164, 2 164 0, S_00000000009e2dc0;
 .timescale 0 0;
v0000000002a65d40_0 .var "char", 7 0;
v0000000002a64760_0 .var "convert_initval", 63 0;
v0000000002a66380_0 .var "done", 0 0;
v0000000002a65fc0_0 .var "hex_initval", 143 0;
v0000000002a653e0_0 .var/i "i", 31 0;
v0000000002a644e0_0 .var "temp", 63 0;
TD_DPR16X4C.convert_initval ;
    %pushi/vec4 0, 0, 1;
    %store/vec4 v0000000002a66380_0, 0, 1;
    %pushi/vec4 0, 0, 64;
    %store/vec4 v0000000002a644e0_0, 0, 64;
    %pushi/vec4 0, 0, 32;
    %store/vec4 v0000000002a653e0_0, 0, 32;
T_0.0 ;
    %load/vec4 v0000000002a653e0_0;
    %cmpi/s 16, 0, 32;
    %jmp/0xz T_0.1, 5;
    %load/vec4 v0000000002a66380_0;
    %nor/r;
    %flag_set/vec4 8;
    %jmp/0xz  T_0.2, 8;
    %load/vec4 v0000000002a65fc0_0;
    %load/vec4 v0000000002a653e0_0;
    %muli 8, 0, 32;
    %part/s 8;
    %store/vec4 v0000000002a65d40_0, 0, 8;
    %load/vec4 v0000000002a65d40_0;
    %pushi/vec4 120, 0, 8; draw_string_vec4
    %cmp/e;
    %jmp/0xz  T_0.4, 4;
    %pushi/vec4 1, 0, 1;
    %store/vec4 v0000000002a66380_0, 0, 1;
    %jmp T_0.5;
T_0.4 ;
    %pushi/vec4 48, 0, 8; draw_string_vec4
    %load/vec4 v0000000002a65d40_0;
    %cmp/u;
    %flag_get/vec4 4;
    %flag_get/vec4 5;
    %or;
    %load/vec4 v0000000002a65d40_0;
    %pushi/vec4 57, 0, 8; draw_string_vec4
    %cmp/u;
    %flag_get/vec4 4;
    %flag_get/vec4 5;
    %or;
    %and;
    %flag_set/vec4 8;
    %jmp/0xz  T_0.6, 8;
    %load/vec4 v0000000002a65d40_0;
    %pushi/vec4 48, 0, 8; draw_string_vec4
    %sub;
    %pad/u 4;
    %load/vec4 v0000000002a653e0_0;
    %muli 4, 0, 32;
    %ix/vec4/s 4;
    %store/vec4 v0000000002a644e0_0, 4, 4;
    %jmp T_0.7;
T_0.6 ;
    %pushi/vec4 65, 0, 8; draw_string_vec4
    %load/vec4 v0000000002a65d40_0;
    %cmp/u;
    %flag_get/vec4 4;
    %flag_get/vec4 5;
    %or;
    %load/vec4 v0000000002a65d40_0;
    %pushi/vec4 70, 0, 8; draw_string_vec4
    %cmp/u;
    %flag_get/vec4 4;
    %flag_get/vec4 5;
    %or;
    %and;
    %flag_set/vec4 8;
    %jmp/0xz  T_0.8, 8;
    %pushi/vec4 10, 0, 8;
    %load/vec4 v0000000002a65d40_0;
    %add;
    %pushi/vec4 65, 0, 8; draw_string_vec4
    %sub;
    %pad/u 4;
    %load/vec4 v0000000002a653e0_0;
    %muli 4, 0, 32;
    %ix/vec4/s 4;
    %store/vec4 v0000000002a644e0_0, 4, 4;
    %jmp T_0.9;
T_0.8 ;
    %pushi/vec4 97, 0, 8; draw_string_vec4
    %load/vec4 v0000000002a65d40_0;
    %cmp/u;
    %flag_get/vec4 4;
    %flag_get/vec4 5;
    %or;
    %load/vec4 v0000000002a65d40_0;
    %pushi/vec4 102, 0, 8; draw_string_vec4
    %cmp/u;
    %flag_get/vec4 4;
    %flag_get/vec4 5;
    %or;
    %and;
    %flag_set/vec4 8;
    %jmp/0xz  T_0.10, 8;
    %pushi/vec4 10, 0, 8;
    %load/vec4 v0000000002a65d40_0;
    %add;
    %pushi/vec4 97, 0, 8; draw_string_vec4
    %sub;
    %pad/u 4;
    %load/vec4 v0000000002a653e0_0;
    %muli 4, 0, 32;
    %ix/vec4/s 4;
    %store/vec4 v0000000002a644e0_0, 4, 4;
T_0.10 ;
T_0.9 ;
T_0.7 ;
T_0.5 ;
T_0.2 ;
    %load/vec4 v0000000002a653e0_0;
    %addi 1, 0, 32;
    %store/vec4 v0000000002a653e0_0, 0, 32;
    %jmp T_0.0;
T_0.1 ;
    %load/vec4 v0000000002a644e0_0;
    %store/vec4 v0000000002a64760_0, 0, 64;
    %end;
S_00000000009e2f40 .scope module, "INV" "INV" 2 299;
 .timescale 0 0;
    .port_info 0 /INPUT 1 "A"
    .port_info 1 /OUTPUT 1 "Z"
o0000000002a0baa8 .functor BUFZ 1, C4<z>; HiZ drive
v0000000002a64580_0 .net "A", 0 0, o0000000002a0baa8;  0 drivers
v0000000002a64620_0 .net "Z", 0 0, L_0000000002a6c200;  1 drivers
L_0000000002a6c200 .reduce/nor o0000000002a0baa8;
S_0000000000acdf50 .scope module, "TRELLIS_DPR16X4" "TRELLIS_DPR16X4" 2 112;
 .timescale 0 0;
    .port_info 0 /INPUT 4 "DI"
    .port_info 1 /INPUT 4 "WAD"
    .port_info 2 /INPUT 1 "WRE"
    .port_info 3 /INPUT 1 "WCK"
    .port_info 4 /INPUT 4 "RAD"
    .port_info 5 /OUTPUT 4 "DO"
P_00000000009dc190 .param/l "INITVAL" 0 2 123, C4<0000000000000000000000000000000000000000000000000000000000000000>;
P_00000000009dc1c8 .param/str "WCKMUX" 0 2 121, "WCK";
P_00000000009dc200 .param/str "WREMUX" 0 2 122, "WRE";
o0000000002a0bc28 .functor BUFZ 1, C4<z>; HiZ drive
L_0000000000a12c40 .functor BUFZ 1, o0000000002a0bc28, C4<0>, C4<0>, C4<0>;
L_0000000000a12fc0 .functor BUFZ 4, L_0000000002a6c7a0, C4<0000>, C4<0000>, C4<0000>;
o0000000002a0bb68 .functor BUFZ 4, C4<zzzz>; HiZ drive
v0000000002a65b60_0 .net "DI", 3 0, o0000000002a0bb68;  0 drivers
v0000000002a664c0_0 .net "DO", 3 0, L_0000000000a12fc0;  1 drivers
o0000000002a0bbc8 .functor BUFZ 4, C4<zzzz>; HiZ drive
v0000000002a64f80_0 .net "RAD", 3 0, o0000000002a0bbc8;  0 drivers
o0000000002a0bbf8 .functor BUFZ 4, C4<zzzz>; HiZ drive
v0000000002a65020_0 .net "WAD", 3 0, o0000000002a0bbf8;  0 drivers
v0000000002a666a0_0 .net "WCK", 0 0, o0000000002a0bc28;  0 drivers
o0000000002a0bc58 .functor BUFZ 1, C4<z>; HiZ drive
v0000000002a64800_0 .net "WRE", 0 0, o0000000002a0bc58;  0 drivers
v0000000002a650c0_0 .net *"_s2", 3 0, L_0000000002a6c7a0;  1 drivers
v0000000002a65ca0_0 .net *"_s4", 5 0, L_0000000002a6cd40;  1 drivers
L_0000000002a6f0b0 .functor BUFT 1, C4<00>, C4<0>, C4<0>, C4<0>;
v0000000002a64b20_0 .net *"_s7", 1 0, L_0000000002a6f0b0;  1 drivers
v0000000002a648a0_0 .var/i "i", 31 0;
v0000000002a652a0 .array "mem", 0 15, 3 0;
v0000000002a64c60_0 .net "muxwck", 0 0, L_0000000000a12c40;  1 drivers
v0000000002a65340_0 .var "muxwre", 0 0;
E_0000000000a94240 .event posedge, v0000000002a64c60_0;
E_0000000000a935c0 .event edge, v0000000002a64800_0;
L_0000000002a6c7a0 .array/port v0000000002a652a0, L_0000000002a6cd40;
L_0000000002a6cd40 .concat [ 4 2 0 0], o0000000002a0bbc8, L_0000000002a6f0b0;
S_0000000000ace0d0 .scope module, "TRELLIS_IO" "TRELLIS_IO" 2 270;
 .timescale 0 0;
    .port_info 0 /INOUT 1 "B"
    .port_info 1 /INPUT 1 "I"
    .port_info 2 /INPUT 1 "T"
    .port_info 3 /OUTPUT 1 "O"
P_0000000000a94200 .param/str "DIR" 0 2 276, "INPUT";
o0000000002a0bec8 .functor BUFZ 1, C4<z>; HiZ drive
v0000000002a655c0_0 .net "B", 0 0, o0000000002a0bec8;  0 drivers
o0000000002a0bef8 .functor BUFZ 1, C4<z>; HiZ drive
v0000000002a65660_0 .net "I", 0 0, o0000000002a0bef8;  0 drivers
v0000000002a65a20_0 .net "O", 0 0, L_0000000000a13810;  1 drivers
o0000000002a0bf58 .functor BUFZ 1, C4<z>; HiZ drive
v0000000002a65700_0 .net "T", 0 0, o0000000002a0bf58;  0 drivers
v0000000002a658e0_0 .var "T_pd", 0 0;
E_0000000000a93900 .event edge, v0000000002a65700_0;
S_00000000009f80e0 .scope generate, "genblk1" "genblk1" 2 281, 2 281 0, S_0000000000ace0d0;
 .timescale 0 0;
L_0000000000a13810 .functor BUFZ 1, o0000000002a0bec8, C4<0>, C4<0>, C4<0>;
S_0000000000a283b0 .scope module, "TRELLIS_SLICE" "TRELLIS_SLICE" 2 305;
 .timescale 0 0;
    .port_info 0 /INPUT 1 "A0"
    .port_info 1 /INPUT 1 "B0"
    .port_info 2 /INPUT 1 "C0"
    .port_info 3 /INPUT 1 "D0"
    .port_info 4 /INPUT 1 "A1"
    .port_info 5 /INPUT 1 "B1"
    .port_info 6 /INPUT 1 "C1"
    .port_info 7 /INPUT 1 "D1"
    .port_info 8 /INPUT 1 "M0"
    .port_info 9 /INPUT 1 "M1"
    .port_info 10 /INPUT 1 "FCI"
    .port_info 11 /INPUT 1 "FXA"
    .port_info 12 /INPUT 1 "FXB"
    .port_info 13 /INPUT 1 "CLK"
    .port_info 14 /INPUT 1 "LSR"
    .port_info 15 /INPUT 1 "CE"
    .port_info 16 /INPUT 1 "DI0"
    .port_info 17 /INPUT 1 "DI1"
    .port_info 18 /INPUT 1 "WD0"
    .port_info 19 /INPUT 1 "WD1"
    .port_info 20 /INPUT 1 "WAD0"
    .port_info 21 /INPUT 1 "WAD1"
    .port_info 22 /INPUT 1 "WAD2"
    .port_info 23 /INPUT 1 "WAD3"
    .port_info 24 /INPUT 1 "WRE"
    .port_info 25 /INPUT 1 "WCK"
    .port_info 26 /OUTPUT 1 "F0"
    .port_info 27 /OUTPUT 1 "Q0"
    .port_info 28 /OUTPUT 1 "F1"
    .port_info 29 /OUTPUT 1 "Q1"
    .port_info 30 /OUTPUT 1 "FCO"
    .port_info 31 /OUTPUT 1 "OFX0"
    .port_info 32 /OUTPUT 1 "OFX1"
    .port_info 33 /OUTPUT 1 "WDO0"
    .port_info 34 /OUTPUT 1 "WDO1"
    .port_info 35 /OUTPUT 1 "WDO2"
    .port_info 36 /OUTPUT 1 "WDO3"
    .port_info 37 /OUTPUT 1 "WADO0"
    .port_info 38 /OUTPUT 1 "WADO1"
    .port_info 39 /OUTPUT 1 "WADO2"
    .port_info 40 /OUTPUT 1 "WADO3"
P_0000000000aae8a0 .param/str "A0MUX" 0 2 345, "A0";
P_0000000000aae8d8 .param/str "A1MUX" 0 2 346, "A1";
P_0000000000aae910 .param/str "B0MUX" 0 2 347, "B0";
P_0000000000aae948 .param/str "B1MUX" 0 2 348, "B1";
P_0000000000aae980 .param/str "C0MUX" 0 2 349, "C0";
P_0000000000aae9b8 .param/str "C1MUX" 0 2 350, "C1";
P_0000000000aae9f0 .param/str "CCU2_INJECT1_0" 0 2 340, "\000\000\000\000\000\000\000\000\000\000\000\000\000\000NO";
P_0000000000aaea28 .param/str "CCU2_INJECT1_1" 0 2 341, "\000\000\000\000\000\000\000\000\000\000\000\000\000\000NO";
P_0000000000aaea60 .param/str "CEMUX" 0 2 329, "\000\000\000\000\000\000\000\000\000\000\000\000\000\000\0001";
P_0000000000aaea98 .param/str "CLKMUX" 0 2 330, "CLK";
P_0000000000aaead0 .param/str "D0MUX" 0 2 351, "D0";
P_0000000000aaeb08 .param/str "D1MUX" 0 2 352, "D1";
P_0000000000aaeb40 .param/str "GSR" 0 2 327, "ENABLED";
P_0000000000aaeb78 .param/str "LSRMUX" 0 2 331, "LSR";
P_0000000000aaebb0 .param/l "LUT0_INITVAL" 0 2 332, C4<0000000000000000>;
P_0000000000aaebe8 .param/l "LUT1_INITVAL" 0 2 333, C4<0000000000000000>;
P_0000000000aaec20 .param/str "MODE" 0 2 326, "LOGIC";
P_0000000000aaec58 .param/str "REG0_LSRMODE" 0 2 338, "LSR";
P_0000000000aaec90 .param/str "REG0_REGSET" 0 2 336, "RESET";
P_0000000000aaecc8 .param/str "REG0_SD" 0 2 334, "0";
P_0000000000aaed00 .param/str "REG1_LSRMODE" 0 2 339, "LSR";
P_0000000000aaed38 .param/str "REG1_REGSET" 0 2 337, "RESET";
P_0000000000aaed70 .param/str "REG1_SD" 0 2 335, "0";
P_0000000000aaeda8 .param/str "SRMODE" 0 2 328, "LSR_OVER_CE";
P_0000000000aaede0 .param/str "WCKMUX" 0 2 343, "WCK";
P_0000000000aaee18 .param/str "WREMUX" 0 2 342, "WRE";
o0000000002a0c138 .functor BUFZ 1, C4<z>; HiZ drive
L_0000000000a130a0 .functor BUFZ 1, o0000000002a0c138, C4<0>, C4<0>, C4<0>;
o0000000002a0c3a8 .functor BUFZ 1, C4<z>; HiZ drive
L_0000000000a135e0 .functor BUFZ 1, o0000000002a0c3a8, C4<0>, C4<0>, C4<0>;
o0000000002a0d098 .functor BUFZ 1, C4<z>; HiZ drive
v0000000002a69a00_0 .net "A0", 0 0, o0000000002a0d098;  0 drivers
v0000000002a6b620_0 .net "A0m", 0 0, L_0000000000a12cb0;  1 drivers
o0000000002a0d0c8 .functor BUFZ 1, C4<z>; HiZ drive
v0000000002a6aa40_0 .net "A1", 0 0, o0000000002a0d0c8;  0 drivers
v0000000002a69c80_0 .net "A1m", 0 0, L_0000000000a12f50;  1 drivers
o0000000002a0d0f8 .functor BUFZ 1, C4<z>; HiZ drive
v0000000002a69e60_0 .net "B0", 0 0, o0000000002a0d0f8;  0 drivers
v0000000002a69fa0_0 .net "B0m", 0 0, L_0000000000a136c0;  1 drivers
o0000000002a0d128 .functor BUFZ 1, C4<z>; HiZ drive
v0000000002a6a040_0 .net "B1", 0 0, o0000000002a0d128;  0 drivers
v0000000002a6b3a0_0 .net "B1m", 0 0, L_0000000000a13570;  1 drivers
o0000000002a0d158 .functor BUFZ 1, C4<z>; HiZ drive
v0000000002a693c0_0 .net "C0", 0 0, o0000000002a0d158;  0 drivers
v0000000002a6a5e0_0 .net "C0m", 0 0, L_0000000000a12e00;  1 drivers
o0000000002a0d188 .functor BUFZ 1, C4<z>; HiZ drive
v0000000002a6b4e0_0 .net "C1", 0 0, o0000000002a0d188;  0 drivers
v0000000002a69780_0 .net "C1m", 0 0, L_0000000000a13730;  1 drivers
o0000000002a0c078 .functor BUFZ 1, C4<z>; HiZ drive
v0000000002a69820_0 .net "CE", 0 0, o0000000002a0c078;  0 drivers
o0000000002a0c0a8 .functor BUFZ 1, C4<z>; HiZ drive
v0000000002a6a0e0_0 .net "CLK", 0 0, o0000000002a0c0a8;  0 drivers
o0000000002a0d1b8 .functor BUFZ 1, C4<z>; HiZ drive
v0000000002a6a860_0 .net "D0", 0 0, o0000000002a0d1b8;  0 drivers
v0000000002a69960_0 .net "D0m", 0 0, L_0000000000a132d0;  1 drivers
o0000000002a0d1e8 .functor BUFZ 1, C4<z>; HiZ drive
v0000000002a6a680_0 .net "D1", 0 0, o0000000002a0d1e8;  0 drivers
v0000000002a6a720_0 .net "D1m", 0 0, L_0000000000a13030;  1 drivers
o0000000002a0d218 .functor BUFZ 1, C4<z>; HiZ drive
v0000000002a69500_0 .net "DI0", 0 0, o0000000002a0d218;  0 drivers
o0000000002a0d248 .functor BUFZ 1, C4<z>; HiZ drive
v0000000002a6a900_0 .net "DI1", 0 0, o0000000002a0d248;  0 drivers
v0000000002a6a9a0_0 .net "F0", 0 0, L_0000000002a6bbc0;  1 drivers
v0000000002a6b800_0 .net "F1", 0 0, L_0000000002ab7170;  1 drivers
o0000000002a0d278 .functor BUFZ 1, C4<z>; HiZ drive
v0000000002a690a0_0 .net "FCI", 0 0, o0000000002a0d278;  0 drivers
o0000000002a0d2a8 .functor BUFZ 1, C4<z>; HiZ drive
v0000000002a6aae0_0 .net "FCO", 0 0, o0000000002a0d2a8;  0 drivers
o0000000002a0ceb8 .functor BUFZ 1, C4<z>; HiZ drive
v0000000002a6b440_0 .net "FXA", 0 0, o0000000002a0ceb8;  0 drivers
o0000000002a0cee8 .functor BUFZ 1, C4<z>; HiZ drive
v0000000002a6ab80_0 .net "FXB", 0 0, o0000000002a0cee8;  0 drivers
o0000000002a0c108 .functor BUFZ 1, C4<z>; HiZ drive
v0000000002a69280_0 .net "LSR", 0 0, o0000000002a0c108;  0 drivers
v0000000002a6ac20_0 .net "M0", 0 0, o0000000002a0c138;  0 drivers
v0000000002a6b580_0 .net "M1", 0 0, o0000000002a0c3a8;  0 drivers
v0000000002a69320_0 .net "OFX0", 0 0, L_0000000002ab8250;  1 drivers
v0000000002a6ae00_0 .net "OFX1", 0 0, L_0000000002ab8430;  1 drivers
v0000000002a6aea0_0 .net "Q0", 0 0, v0000000002a66420_0;  1 drivers
v0000000002a6afe0_0 .net "Q1", 0 0, v0000000002a66ec0_0;  1 drivers
o0000000002a0d2d8 .functor BUFZ 1, C4<z>; HiZ drive
v0000000002a6b080_0 .net "WAD0", 0 0, o0000000002a0d2d8;  0 drivers
o0000000002a0d308 .functor BUFZ 1, C4<z>; HiZ drive
v0000000002a6b120_0 .net "WAD1", 0 0, o0000000002a0d308;  0 drivers
o0000000002a0d338 .functor BUFZ 1, C4<z>; HiZ drive
v0000000002a6b1c0_0 .net "WAD2", 0 0, o0000000002a0d338;  0 drivers
o0000000002a0d368 .functor BUFZ 1, C4<z>; HiZ drive
v0000000002a6b260_0 .net "WAD3", 0 0, o0000000002a0d368;  0 drivers
o0000000002a0d398 .functor BUFZ 1, C4<z>; HiZ drive
v0000000002a6b6c0_0 .net "WADO0", 0 0, o0000000002a0d398;  0 drivers
o0000000002a0d3c8 .functor BUFZ 1, C4<z>; HiZ drive
v0000000002a6b760_0 .net "WADO1", 0 0, o0000000002a0d3c8;  0 drivers
o0000000002a0d3f8 .functor BUFZ 1, C4<z>; HiZ drive
v0000000002a6b300_0 .net "WADO2", 0 0, o0000000002a0d3f8;  0 drivers
o0000000002a0d428 .functor BUFZ 1, C4<z>; HiZ drive
v0000000002a69140_0 .net "WADO3", 0 0, o0000000002a0d428;  0 drivers
o0000000002a0d458 .functor BUFZ 1, C4<z>; HiZ drive
v0000000002a695a0_0 .net "WCK", 0 0, o0000000002a0d458;  0 drivers
o0000000002a0d488 .functor BUFZ 1, C4<z>; HiZ drive
v0000000002a69640_0 .net "WD0", 0 0, o0000000002a0d488;  0 drivers
o0000000002a0d4b8 .functor BUFZ 1, C4<z>; HiZ drive
v0000000002a696e0_0 .net "WD1", 0 0, o0000000002a0d4b8;  0 drivers
o0000000002a0d4e8 .functor BUFZ 1, C4<z>; HiZ drive
v0000000002a6c020_0 .net "WDO0", 0 0, o0000000002a0d4e8;  0 drivers
o0000000002a0d518 .functor BUFZ 1, C4<z>; HiZ drive
v0000000002a6cc00_0 .net "WDO1", 0 0, o0000000002a0d518;  0 drivers
o0000000002a0d548 .functor BUFZ 1, C4<z>; HiZ drive
v0000000002a6c340_0 .net "WDO2", 0 0, o0000000002a0d548;  0 drivers
o0000000002a0d578 .functor BUFZ 1, C4<z>; HiZ drive
v0000000002a6cf20_0 .net "WDO3", 0 0, o0000000002a0d578;  0 drivers
o0000000002a0d5a8 .functor BUFZ 1, C4<z>; HiZ drive
v0000000002a6c8e0_0 .net "WRE", 0 0, o0000000002a0d5a8;  0 drivers
v0000000002a6bda0_0 .net "muxdi0", 0 0, L_0000000000a130a0;  1 drivers
v0000000002a6cca0_0 .net "muxdi1", 0 0, L_0000000000a135e0;  1 drivers
S_00000000009f8260 .scope module, "ff_0" "TRELLIS_FF" 2 458, 2 220 0, S_0000000000a283b0;
 .timescale 0 0;
    .port_info 0 /INPUT 1 "CLK"
    .port_info 1 /INPUT 1 "LSR"
    .port_info 2 /INPUT 1 "CE"
    .port_info 3 /INPUT 1 "DI"
    .port_info 4 /INPUT 1 "M"
    .port_info 5 /OUTPUT 1 "Q"
P_0000000000a36370 .param/str "CEMUX" 0 2 222, "\000\000\000\000\000\000\000\000\000\000\000\000\000\000\0001";
P_0000000000a363a8 .param/str "CLKMUX" 0 2 223, "CLK";
P_0000000000a363e0 .param/str "GSR" 0 2 221, "ENABLED";
P_0000000000a36418 .param/l "LSRMODE" 0 2 227, C4<00000000000000000000000000000000000000000000000000000000000000000000000000000000000000000000000000000000010011000101001101010010>;
P_0000000000a36450 .param/str "LSRMUX" 0 2 224, "LSR";
P_0000000000a36488 .param/str "REGSET" 0 2 226, "RESET";
P_0000000000a364c0 .param/str "SRMODE" 0 2 225, "LSR_OVER_CE";
L_0000000000a137a0 .functor BUFZ 1, o0000000002a0c108, C4<0>, C4<0>, C4<0>;
L_0000000000a12d90 .functor BUFZ 1, o0000000002a0c0a8, C4<0>, C4<0>, C4<0>;
v0000000002a65f20_0 .net "CE", 0 0, o0000000002a0c078;  alias, 0 drivers
v0000000002a65c00_0 .net "CLK", 0 0, o0000000002a0c0a8;  alias, 0 drivers
v0000000002a66100_0 .net "DI", 0 0, L_0000000000a130a0;  alias, 1 drivers
v0000000002a661a0_0 .net "LSR", 0 0, o0000000002a0c108;  alias, 0 drivers
v0000000002a662e0_0 .net "M", 0 0, o0000000002a0c138;  alias, 0 drivers
v0000000002a66420_0 .var "Q", 0 0;
L_0000000002a6f218 .functor BUFT 1, C4<1>, C4<0>, C4<0>, C4<0>;
v0000000002a66b00_0 .net "muxce", 0 0, L_0000000002a6f218;  1 drivers
v0000000002a678c0_0 .net "muxclk", 0 0, L_0000000000a12d90;  1 drivers
v0000000002a676e0_0 .net "muxlsr", 0 0, L_0000000000a137a0;  1 drivers
L_0000000002a6f260 .functor BUFT 1, C4<0>, C4<0>, C4<0>, C4<0>;
v0000000002a67960_0 .net "srval", 0 0, L_0000000002a6f260;  1 drivers
S_0000000000a36500 .scope generate, "genblk1" "genblk1" 2 231, 2 231 0, S_00000000009f8260;
 .timescale 0 0;
S_0000000000a36680 .scope generate, "genblk3" "genblk3" 2 243, 2 243 0, S_00000000009f8260;
 .timescale 0 0;
S_0000000000a36800 .scope generate, "genblk5" "genblk5" 2 252, 2 252 0, S_00000000009f8260;
 .timescale 0 0;
E_0000000000a94300 .event posedge, v0000000002a678c0_0;
S_0000000000a36980 .scope module, "ff_1" "TRELLIS_FF" 2 471, 2 220 0, S_0000000000a283b0;
 .timescale 0 0;
    .port_info 0 /INPUT 1 "CLK"
    .port_info 1 /INPUT 1 "LSR"
    .port_info 2 /INPUT 1 "CE"
    .port_info 3 /INPUT 1 "DI"
    .port_info 4 /INPUT 1 "M"
    .port_info 5 /OUTPUT 1 "Q"
P_0000000000a36b00 .param/str "CEMUX" 0 2 222, "\000\000\000\000\000\000\000\000\000\000\000\000\000\000\0001";
P_0000000000a36b38 .param/str "CLKMUX" 0 2 223, "CLK";
P_0000000000a36b70 .param/str "GSR" 0 2 221, "ENABLED";
P_0000000000a36ba8 .param/l "LSRMODE" 0 2 227, C4<00000000000000000000000000000000000000000000000000000000000000000000000000000000000000000000000000000000010011000101001101010010>;
P_0000000000a36be0 .param/str "LSRMUX" 0 2 224, "LSR";
P_0000000000a36c18 .param/str "REGSET" 0 2 226, "RESET";
P_0000000000a36c50 .param/str "SRMODE" 0 2 225, "LSR_OVER_CE";
L_0000000000a13880 .functor BUFZ 1, o0000000002a0c108, C4<0>, C4<0>, C4<0>;
L_0000000000a12e70 .functor BUFZ 1, o0000000002a0c0a8, C4<0>, C4<0>, C4<0>;
v0000000002a66f60_0 .net "CE", 0 0, o0000000002a0c078;  alias, 0 drivers
v0000000002a66d80_0 .net "CLK", 0 0, o0000000002a0c0a8;  alias, 0 drivers
v0000000002a67dc0_0 .net "DI", 0 0, L_0000000000a135e0;  alias, 1 drivers
v0000000002a67780_0 .net "LSR", 0 0, o0000000002a0c108;  alias, 0 drivers
v0000000002a67280_0 .net "M", 0 0, o0000000002a0c3a8;  alias, 0 drivers
v0000000002a66ec0_0 .var "Q", 0 0;
L_0000000002a6f2a8 .functor BUFT 1, C4<1>, C4<0>, C4<0>, C4<0>;
v0000000002a67a00_0 .net "muxce", 0 0, L_0000000002a6f2a8;  1 drivers
v0000000002a67000_0 .net "muxclk", 0 0, L_0000000000a12e70;  1 drivers
v0000000002a66ba0_0 .net "muxlsr", 0 0, L_0000000000a13880;  1 drivers
L_0000000002a6f2f0 .functor BUFT 1, C4<0>, C4<0>, C4<0>, C4<0>;
v0000000002a66a60_0 .net "srval", 0 0, L_0000000002a6f2f0;  1 drivers
S_0000000000a36c90 .scope generate, "genblk1" "genblk1" 2 231, 2 231 0, S_0000000000a36980;
 .timescale 0 0;
S_0000000000a3c7c0 .scope generate, "genblk3" "genblk3" 2 243, 2 243 0, S_0000000000a36980;
 .timescale 0 0;
S_0000000000a3c940 .scope generate, "genblk5" "genblk5" 2 252, 2 252 0, S_0000000000a36980;
 .timescale 0 0;
E_0000000000a94180 .event posedge, v0000000002a67000_0;
S_0000000000a39bd0 .scope generate, "genblk10" "genblk10" 2 362, 2 362 0, S_0000000000a283b0;
 .timescale 0 0;
L_0000000000a12f50 .functor BUFZ 1, o0000000002a0d0c8, C4<0>, C4<0>, C4<0>;
S_0000000000a39750 .scope generate, "genblk12" "genblk12" 2 363, 2 363 0, S_0000000000a283b0;
 .timescale 0 0;
L_0000000000a13570 .functor BUFZ 1, o0000000002a0d128, C4<0>, C4<0>, C4<0>;
S_0000000000a39150 .scope generate, "genblk14" "genblk14" 2 364, 2 364 0, S_0000000000a283b0;
 .timescale 0 0;
L_0000000000a13730 .functor BUFZ 1, o0000000002a0d188, C4<0>, C4<0>, C4<0>;
S_0000000000a39a50 .scope generate, "genblk16" "genblk16" 2 365, 2 365 0, S_0000000000a283b0;
 .timescale 0 0;
L_0000000000a13030 .functor BUFZ 1, o0000000002a0d1e8, C4<0>, C4<0>, C4<0>;
S_0000000000a39450 .scope generate, "genblk17" "genblk17" 2 380, 2 380 0, S_0000000000a283b0;
 .timescale 0 0;
S_0000000000a398d0 .scope module, "lut4_0" "LUT4" 2 384, 2 3 0, S_0000000000a39450;
 .timescale 0 0;
    .port_info 0 /INPUT 1 "A"
    .port_info 1 /INPUT 1 "B"
    .port_info 2 /INPUT 1 "C"
    .port_info 3 /INPUT 1 "D"
    .port_info 4 /OUTPUT 1 "Z"
P_0000000000a93d40 .param/l "INIT" 0 2 4, C4<0000000000000000>;
v0000000002a66c40_0 .net "A", 0 0, L_0000000000a12cb0;  alias, 1 drivers
v0000000002a671e0_0 .net "B", 0 0, L_0000000000a136c0;  alias, 1 drivers
v0000000002a67aa0_0 .net "C", 0 0, L_0000000000a12e00;  alias, 1 drivers
v0000000002a67320_0 .net "D", 0 0, L_0000000000a132d0;  alias, 1 drivers
v0000000002a67e60_0 .net "Z", 0 0, L_0000000002a6bbc0;  alias, 1 drivers
L_0000000002a6f0f8 .functor BUFT 1, C4<00000000>, C4<0>, C4<0>, C4<0>;
v0000000002a675a0_0 .net/2u *"_s0", 7 0, L_0000000002a6f0f8;  1 drivers
v0000000002a67b40_0 .net *"_s13", 1 0, L_0000000002a6cac0;  1 drivers
v0000000002a67820_0 .net *"_s15", 1 0, L_0000000002a6cb60;  1 drivers
v0000000002a67be0_0 .net *"_s19", 0 0, L_0000000002a6ce80;  1 drivers
L_0000000002a6f140 .functor BUFT 1, C4<00000000>, C4<0>, C4<0>, C4<0>;
v0000000002a67c80_0 .net/2u *"_s2", 7 0, L_0000000002a6f140;  1 drivers
v0000000002a67f00_0 .net *"_s21", 0 0, L_0000000002a6c3e0;  1 drivers
v0000000002a66ce0_0 .net *"_s7", 3 0, L_0000000002a6bc60;  1 drivers
v0000000002a67d20_0 .net *"_s9", 3 0, L_0000000002a6c840;  1 drivers
v0000000002a670a0_0 .net "s1", 1 0, L_0000000002a6b8a0;  1 drivers
v0000000002a67140_0 .net "s2", 3 0, L_0000000002a6b9e0;  1 drivers
v0000000002a66880_0 .net "s3", 7 0, L_0000000002a6c520;  1 drivers
L_0000000002a6c520 .functor MUXZ 8, L_0000000002a6f140, L_0000000002a6f0f8, L_0000000000a132d0, C4<>;
L_0000000002a6bc60 .part L_0000000002a6c520, 4, 4;
L_0000000002a6c840 .part L_0000000002a6c520, 0, 4;
L_0000000002a6b9e0 .functor MUXZ 4, L_0000000002a6c840, L_0000000002a6bc60, L_0000000000a12e00, C4<>;
L_0000000002a6cac0 .part L_0000000002a6b9e0, 2, 2;
L_0000000002a6cb60 .part L_0000000002a6b9e0, 0, 2;
L_0000000002a6b8a0 .functor MUXZ 2, L_0000000002a6cb60, L_0000000002a6cac0, L_0000000000a136c0, C4<>;
L_0000000002a6ce80 .part L_0000000002a6b8a0, 1, 1;
L_0000000002a6c3e0 .part L_0000000002a6b8a0, 0, 1;
L_0000000002a6bbc0 .functor MUXZ 1, L_0000000002a6c3e0, L_0000000002a6ce80, L_0000000000a12cb0, C4<>;
S_0000000000a39d50 .scope module, "lut4_1" "LUT4" 2 390, 2 3 0, S_0000000000a39450;
 .timescale 0 0;
    .port_info 0 /INPUT 1 "A"
    .port_info 1 /INPUT 1 "B"
    .port_info 2 /INPUT 1 "C"
    .port_info 3 /INPUT 1 "D"
    .port_info 4 /OUTPUT 1 "Z"
P_0000000000a93980 .param/l "INIT" 0 2 4, C4<0000000000000000>;
v0000000002a673c0_0 .net "A", 0 0, L_0000000000a12f50;  alias, 1 drivers
v0000000002a67640_0 .net "B", 0 0, L_0000000000a13570;  alias, 1 drivers
v0000000002a66e20_0 .net "C", 0 0, L_0000000000a13730;  alias, 1 drivers
v0000000002a66920_0 .net "D", 0 0, L_0000000000a13030;  alias, 1 drivers
v0000000002a67460_0 .net "Z", 0 0, L_0000000002ab7170;  alias, 1 drivers
L_0000000002a6f188 .functor BUFT 1, C4<00000000>, C4<0>, C4<0>, C4<0>;
v0000000002a669c0_0 .net/2u *"_s0", 7 0, L_0000000002a6f188;  1 drivers
v0000000002a67500_0 .net *"_s13", 1 0, L_0000000002a6c160;  1 drivers
v0000000002a6a220_0 .net *"_s15", 1 0, L_0000000002ab7cb0;  1 drivers
v0000000002a6a2c0_0 .net *"_s19", 0 0, L_0000000002ab7710;  1 drivers
L_0000000002a6f1d0 .functor BUFT 1, C4<00000000>, C4<0>, C4<0>, C4<0>;
v0000000002a69d20_0 .net/2u *"_s2", 7 0, L_0000000002a6f1d0;  1 drivers
v0000000002a6acc0_0 .net *"_s21", 0 0, L_0000000002ab9150;  1 drivers
v0000000002a69b40_0 .net *"_s7", 3 0, L_0000000002a6be40;  1 drivers
v0000000002a69dc0_0 .net *"_s9", 3 0, L_0000000002a6bf80;  1 drivers
v0000000002a6ad60_0 .net "s1", 1 0, L_0000000002ab8f70;  1 drivers
v0000000002a69460_0 .net "s2", 3 0, L_0000000002a6c0c0;  1 drivers
v0000000002a6a400_0 .net "s3", 7 0, L_0000000002a6bd00;  1 drivers
L_0000000002a6bd00 .functor MUXZ 8, L_0000000002a6f1d0, L_0000000002a6f188, L_0000000000a13030, C4<>;
L_0000000002a6be40 .part L_0000000002a6bd00, 4, 4;
L_0000000002a6bf80 .part L_0000000002a6bd00, 0, 4;
L_0000000002a6c0c0 .functor MUXZ 4, L_0000000002a6bf80, L_0000000002a6be40, L_0000000000a13730, C4<>;
L_0000000002a6c160 .part L_0000000002a6c0c0, 2, 2;
L_0000000002ab7cb0 .part L_0000000002a6c0c0, 0, 2;
L_0000000002ab8f70 .functor MUXZ 2, L_0000000002ab7cb0, L_0000000002a6c160, L_0000000000a13570, C4<>;
L_0000000002ab7710 .part L_0000000002ab8f70, 1, 1;
L_0000000002ab9150 .part L_0000000002ab8f70, 0, 1;
L_0000000002ab7170 .functor MUXZ 1, L_0000000002ab9150, L_0000000002ab7710, L_0000000000a12f50, C4<>;
S_0000000000a38fd0 .scope module, "lut5_mux" "PFUMX" 2 395, 2 107 0, S_0000000000a39450;
 .timescale 0 0;
    .port_info 0 /INPUT 1 "ALUT"
    .port_info 1 /INPUT 1 "BLUT"
    .port_info 2 /INPUT 1 "C0"
    .port_info 3 /OUTPUT 1 "Z"
v0000000002a6af40_0 .net "ALUT", 0 0, L_0000000002ab7170;  alias, 1 drivers
v0000000002a698c0_0 .net "BLUT", 0 0, L_0000000002a6bbc0;  alias, 1 drivers
v0000000002a6a4a0_0 .net "C0", 0 0, o0000000002a0c138;  alias, 0 drivers
v0000000002a6a180_0 .net "Z", 0 0, L_0000000002ab8250;  alias, 1 drivers
L_0000000002ab8250 .functor MUXZ 1, L_0000000002a6bbc0, L_0000000002ab7170, o0000000002a0c138, C4<>;
S_0000000000a392d0 .scope module, "lutx_mux" "L6MUX21" 2 396, 2 13 0, S_0000000000a39450;
 .timescale 0 0;
    .port_info 0 /INPUT 1 "D0"
    .port_info 1 /INPUT 1 "D1"
    .port_info 2 /INPUT 1 "SD"
    .port_info 3 /OUTPUT 1 "Z"
v0000000002a69f00_0 .net "D0", 0 0, o0000000002a0ceb8;  alias, 0 drivers
v0000000002a6a540_0 .net "D1", 0 0, o0000000002a0cee8;  alias, 0 drivers
v0000000002a69aa0_0 .net "SD", 0 0, o0000000002a0c3a8;  alias, 0 drivers
v0000000002a6a7c0_0 .net "Z", 0 0, L_0000000002ab8430;  alias, 1 drivers
L_0000000002ab8430 .functor MUXZ 1, o0000000002a0ceb8, o0000000002a0cee8, o0000000002a0c3a8, C4<>;
S_0000000000a395d0 .scope generate, "genblk2" "genblk2" 2 358, 2 358 0, S_0000000000a283b0;
 .timescale 0 0;
L_0000000000a12cb0 .functor BUFZ 1, o0000000002a0d098, C4<0>, C4<0>, C4<0>;
S_0000000002a6dfa0 .scope generate, "genblk4" "genblk4" 2 359, 2 359 0, S_0000000000a283b0;
 .timescale 0 0;
L_0000000000a136c0 .functor BUFZ 1, o0000000002a0d0f8, C4<0>, C4<0>, C4<0>;
S_0000000002a6d220 .scope generate, "genblk6" "genblk6" 2 360, 2 360 0, S_0000000000a283b0;
 .timescale 0 0;
L_0000000000a12e00 .functor BUFZ 1, o0000000002a0d158, C4<0>, C4<0>, C4<0>;
S_0000000002a6d0a0 .scope generate, "genblk8" "genblk8" 2 361, 2 361 0, S_0000000000a283b0;
 .timescale 0 0;
L_0000000000a132d0 .functor BUFZ 1, o0000000002a0d1b8, C4<0>, C4<0>, C4<0>;
S_0000000002a6d3a0 .scope function, "permute_initval" "permute_initval" 2 369, 2 369 0, S_0000000000a283b0;
 .timescale 0 0;
v0000000002a691e0_0 .var/i "i", 31 0;
v0000000002a69be0_0 .var "initval", 15 0;
v0000000002a6a360_0 .var "permute_initval", 15 0;
TD_TRELLIS_SLICE.permute_initval ;
    %pushi/vec4 0, 0, 32;
    %store/vec4 v0000000002a691e0_0, 0, 32;
T_1.12 ;
    %load/vec4 v0000000002a691e0_0;
    %cmpi/s 16, 0, 32;
    %jmp/0xz T_1.13, 5;
    %load/vec4 v0000000002a69be0_0;
    %load/vec4 v0000000002a691e0_0;
    %part/s 1;
    %load/vec4 v0000000002a691e0_0;
    %parti/s 1, 0, 2;
    %load/vec4 v0000000002a691e0_0;
    %parti/s 1, 2, 3;
    %concat/vec4; draw_concat_vec4
    %load/vec4 v0000000002a691e0_0;
    %parti/s 1, 1, 2;
    %concat/vec4; draw_concat_vec4
    %load/vec4 v0000000002a691e0_0;
    %parti/s 1, 3, 3;
    %concat/vec4; draw_concat_vec4
    %ix/vec4 4;
    %store/vec4 v0000000002a6a360_0, 4, 1;
    %load/vec4 v0000000002a691e0_0;
    %addi 1, 0, 32;
    %store/vec4 v0000000002a691e0_0, 0, 32;
    %jmp T_1.12;
T_1.13 ;
    %end;
S_0000000000a0c2a0 .scope module, "main" "main" 3 6;
 .timescale 0 0;
    .port_info 0 /INPUT 1 "v1c67bd"
    .port_info 1 /INPUT 1 "vc02291"
    .port_info 2 /OUTPUT 1 "v9ad371"
o0000000002a0ded8 .functor BUFZ 1, C4<z>; HiZ drive
L_0000000000a12ee0 .functor BUFZ 1, o0000000002a0ded8, C4<0>, C4<0>, C4<0>;
o0000000002a0df38 .functor BUFZ 1, C4<z>; HiZ drive
L_0000000000a13340 .functor BUFZ 1, o0000000002a0df38, C4<0>, C4<0>, C4<0>;
L_0000000000a13960 .functor BUFZ 1, L_0000000002ab9830, C4<0>, C4<0>, C4<0>;
v0000000002a6cde0_0 .net "v1c67bd", 0 0, o0000000002a0ded8;  0 drivers
v0000000002a6c2a0_0 .net "v9ad371", 0 0, L_0000000000a13960;  1 drivers
v0000000002a6c980_0 .net "vc02291", 0 0, o0000000002a0df38;  0 drivers
v0000000002a6bee0_0 .net "w0", 0 0, L_0000000000a12ee0;  1 drivers
v0000000002a6ca20_0 .net "w1", 0 0, L_0000000000a13340;  1 drivers
v0000000002a6c700_0 .net "w2", 0 0, L_0000000002ab9830;  1 drivers
S_0000000002a6e120 .scope module, "v7d3e91" "main_v7d3e91" 3 17, 3 30 0, S_0000000000a0c2a0;
 .timescale 0 0;
    .port_info 0 /INPUT 1 "d_in"
    .port_info 1 /INPUT 1 "d_out_en"
    .port_info 2 /OUTPUT 1 "d_out_z"
o0000000002a0dd88 .functor BUFZ 1, C4<z>; HiZ drive
; Elide local net with no drivers, v0000000002a6c660_0 name=_s0
v0000000002a6ba80_0 .net "d_in", 0 0, L_0000000000a12ee0;  alias, 1 drivers
v0000000002a6bb20_0 .net "d_out_en", 0 0, L_0000000000a13340;  alias, 1 drivers
v0000000002a6c480_0 .net "d_out_z", 0 0, L_0000000002ab9830;  alias, 1 drivers
L_0000000002ab9830 .functor MUXZ 1, o0000000002a0dd88, L_0000000000a12ee0, L_0000000000a13340, C4<>;
    .scope S_00000000009e2dc0;
T_2 ;
    %pushi/vec4 0, 0, 32;
    %store/vec4 v0000000002a65e80_0, 0, 32;
T_2.0 ;
    %load/vec4 v0000000002a65e80_0;
    %cmpi/s 15, 0, 32;
    %jmp/0xz T_2.1, 5;
    %pushi/vec4 0, 0, 64;
    %load/vec4 v0000000002a65e80_0;
    %muli 4, 0, 32;
    %part/s 4;
    %ix/getv/s 3, v0000000002a65e80_0;
    %ix/load 4, 0, 0; Constant delay
    %assign/vec4/a/d v0000000002a64440, 0, 4;
    %load/vec4 v0000000002a65e80_0;
    %addi 1, 0, 32;
    %store/vec4 v0000000002a65e80_0, 0, 32;
    %jmp T_2.0;
T_2.1 ;
    %end;
    .thread T_2;
    .scope S_00000000009e2dc0;
T_3 ;
    %wait E_0000000000a93d00;
    %load/vec4 v0000000002a64260_0;
    %flag_set/vec4 8;
    %jmp/0xz  T_3.0, 8;
    %load/vec4 v0000000002a66060_0;
    %load/vec4 v0000000002a65de0_0;
    %pad/u 6;
    %ix/vec4 3;
    %ix/load 4, 0, 0; Constant delay
    %assign/vec4/a/d v0000000002a64440, 0, 4;
T_3.0 ;
    %jmp T_3;
    .thread T_3;
    .scope S_0000000000acdf50;
T_4 ;
    %pushi/vec4 0, 0, 32;
    %store/vec4 v0000000002a648a0_0, 0, 32;
T_4.0 ;
    %load/vec4 v0000000002a648a0_0;
    %cmpi/s 16, 0, 32;
    %jmp/0xz T_4.1, 5;
    %pushi/vec4 0, 0, 64;
    %load/vec4 v0000000002a648a0_0;
    %addi 3, 0, 32;
    %part/s 1;
    %pushi/vec4 0, 0, 64;
    %load/vec4 v0000000002a648a0_0;
    %addi 2, 0, 32;
    %part/s 1;
    %concat/vec4; draw_concat_vec4
    %pushi/vec4 0, 0, 64;
    %load/vec4 v0000000002a648a0_0;
    %addi 1, 0, 32;
    %part/s 1;
    %concat/vec4; draw_concat_vec4
    %pushi/vec4 0, 0, 64;
    %load/vec4 v0000000002a648a0_0;
    %part/s 1;
    %concat/vec4; draw_concat_vec4
    %ix/getv/s 3, v0000000002a648a0_0;
    %ix/load 4, 0, 0; Constant delay
    %assign/vec4/a/d v0000000002a652a0, 0, 4;
    %load/vec4 v0000000002a648a0_0;
    %addi 1, 0, 32;
    %store/vec4 v0000000002a648a0_0, 0, 32;
    %jmp T_4.0;
T_4.1 ;
    %end;
    .thread T_4;
    .scope S_0000000000acdf50;
T_5 ;
    %wait E_0000000000a935c0;
    %pushi/vec4 5722693, 0, 24; draw_string_vec4
    %dup/vec4;
    %pushi/vec4 49, 0, 24; draw_string_vec4
    %cmp/u;
    %jmp/1 T_5.0, 6;
    %dup/vec4;
    %pushi/vec4 48, 0, 24; draw_string_vec4
    %cmp/u;
    %jmp/1 T_5.1, 6;
    %dup/vec4;
    %pushi/vec4 4804182, 0, 24; draw_string_vec4
    %cmp/u;
    %jmp/1 T_5.2, 6;
    %load/vec4 v0000000002a64800_0;
    %store/vec4 v0000000002a65340_0, 0, 1;
    %jmp T_5.4;
T_5.0 ;
    %pushi/vec4 1, 0, 1;
    %store/vec4 v0000000002a65340_0, 0, 1;
    %jmp T_5.4;
T_5.1 ;
    %pushi/vec4 0, 0, 1;
    %store/vec4 v0000000002a65340_0, 0, 1;
    %jmp T_5.4;
T_5.2 ;
    %load/vec4 v0000000002a64800_0;
    %inv;
    %store/vec4 v0000000002a65340_0, 0, 1;
    %jmp T_5.4;
T_5.4 ;
    %pop/vec4 1;
    %jmp T_5;
    .thread T_5, $push;
    .scope S_0000000000acdf50;
T_6 ;
    %wait E_0000000000a94240;
    %load/vec4 v0000000002a65340_0;
    %flag_set/vec4 8;
    %jmp/0xz  T_6.0, 8;
    %load/vec4 v0000000002a65b60_0;
    %load/vec4 v0000000002a65020_0;
    %pad/u 6;
    %ix/vec4 3;
    %ix/load 4, 0, 0; Constant delay
    %assign/vec4/a/d v0000000002a652a0, 0, 4;
T_6.0 ;
    %jmp T_6;
    .thread T_6;
    .scope S_0000000000ace0d0;
T_7 ;
    %wait E_0000000000a93900;
    %load/vec4 v0000000002a65700_0;
    %cmpi/e 0, 1, 1;
    %jmp/0xz  T_7.0, 6;
    %pushi/vec4 0, 0, 1;
    %assign/vec4 v0000000002a658e0_0, 0;
    %jmp T_7.1;
T_7.0 ;
    %load/vec4 v0000000002a65700_0;
    %assign/vec4 v0000000002a658e0_0, 0;
T_7.1 ;
    %jmp T_7;
    .thread T_7, $push;
    .scope S_0000000000a36800;
T_8 ;
    %wait E_0000000000a94300;
    %load/vec4 v0000000002a676e0_0;
    %flag_set/vec4 8;
    %jmp/0xz  T_8.0, 8;
    %load/vec4 v0000000002a67960_0;
    %assign/vec4 v0000000002a66420_0, 0;
    %jmp T_8.1;
T_8.0 ;
    %load/vec4 v0000000002a66b00_0;
    %flag_set/vec4 8;
    %jmp/0xz  T_8.2, 8;
    %load/vec4 v0000000002a66100_0;
    %assign/vec4 v0000000002a66420_0, 0;
T_8.2 ;
T_8.1 ;
    %jmp T_8;
    .thread T_8;
    .scope S_00000000009f8260;
T_9 ;
    %load/vec4 v0000000002a67960_0;
    %store/vec4 v0000000002a66420_0, 0, 1;
    %end;
    .thread T_9;
    .scope S_0000000000a3c940;
T_10 ;
    %wait E_0000000000a94180;
    %load/vec4 v0000000002a66ba0_0;
    %flag_set/vec4 8;
    %jmp/0xz  T_10.0, 8;
    %load/vec4 v0000000002a66a60_0;
    %assign/vec4 v0000000002a66ec0_0, 0;
    %jmp T_10.1;
T_10.0 ;
    %load/vec4 v0000000002a67a00_0;
    %flag_set/vec4 8;
    %jmp/0xz  T_10.2, 8;
    %load/vec4 v0000000002a67dc0_0;
    %assign/vec4 v0000000002a66ec0_0, 0;
T_10.2 ;
T_10.1 ;
    %jmp T_10;
    .thread T_10;
    .scope S_0000000000a36980;
T_11 ;
    %load/vec4 v0000000002a66a60_0;
    %store/vec4 v0000000002a66ec0_0, 0, 1;
    %end;
    .thread T_11;
# The file index is used to find the file name in the following table.
:file_names 4;
    "N/A";
    "<interactive>";
    "C:\Users\felipe\.icestudio\apio\packages\toolchain-yosys\share\yosys/ecp5/cells_sim.v";
    "main.v";
