---------------------------------------
Resource Usage Report for Pc2Drone 

Mapping to part: ice40up5ksg48
Cell usage:
GND             4 uses
SB_CARRY        44 uses
SB_DFF          38 uses
SB_DFFESR       8 uses
SB_DFFSR        46 uses
SB_DFFSS        1 use
VCC             4 uses
SB_LUT4         158 uses

I/O ports: 11
I/O primitives: 11
SB_GB_IO       1 use
SB_IO          10 uses

I/O Register bits:                  0
Register bits not including I/Os:   93 (1%)

@S |Mapping Summary:
Total  LUTs: 158 (2%)

Distribution of All Consumed LUTs = LUT4 
Distribution of All Consumed Luts 158 = 158 

