* ******************************************************************************

* iCEcube Placer

* Version:            2017.08.27940

* Build Date:         Sep 11 2017 17:12:22

* File Generated:     May 28 2019 00:50:25

* Purpose:            

* Copyright (C) 2006-2010 by Lattice Semiconductor Corp. All rights reserved.

* ******************************************************************************

Executing : C:\lscc\iCEcube2.2017.08\sbt_backend\bin\win32\opt\sbtplacer.exe --des-lib C:/Users/Eloy/Desktop/TFG/Repo/kibotics-drones4kids/TFG_Eloy/SP/SP17/PI7/Pc2Drone/Pc2Drone_Implmnt\sbt\netlist\oadb-Pc2drone --outdir C:/Users/Eloy/Desktop/TFG/Repo/kibotics-drones4kids/TFG_Eloy/SP/SP17/PI7/Pc2Drone/Pc2Drone_Implmnt\sbt\outputs\placer --device-file C:\lscc\iCEcube2.2017.08\sbt_backend\devices\ICE40T05.dev --package SG48 --deviceMarketName iCE40UP5K --sdc-file C:/Users/Eloy/Desktop/TFG/Repo/kibotics-drones4kids/TFG_Eloy/SP/SP17/PI7/Pc2Drone/Pc2Drone_Implmnt\sbt\Temp/sbt_temp.sdc --lib-file C:\lscc\iCEcube2.2017.08\sbt_backend\devices\ice40UP5K.lib --effort_level std --out-sdc-file C:/Users/Eloy/Desktop/TFG/Repo/kibotics-drones4kids/TFG_Eloy/SP/SP17/PI7/Pc2Drone/Pc2Drone_Implmnt\sbt\outputs\placer\Pc2drone_pl.sdc
I2004: Option and Settings Summary
=============================================================
Device file          - C:\lscc\iCEcube2.2017.08\sbt_backend\devices\ICE40T05.dev
Package              - SG48
Design database      - C:/Users/Eloy/Desktop/TFG/Repo/kibotics-drones4kids/TFG_Eloy/SP/SP17/PI7/Pc2Drone/Pc2Drone_Implmnt\sbt\netlist\oadb-Pc2drone
SDC file             - C:/Users/Eloy/Desktop/TFG/Repo/kibotics-drones4kids/TFG_Eloy/SP/SP17/PI7/Pc2Drone/Pc2Drone_Implmnt\sbt\Temp/sbt_temp.sdc
Output directory     - C:/Users/Eloy/Desktop/TFG/Repo/kibotics-drones4kids/TFG_Eloy/SP/SP17/PI7/Pc2Drone/Pc2Drone_Implmnt\sbt\outputs\placer
Timing library       - C:\lscc\iCEcube2.2017.08\sbt_backend\devices\ice40UP5K.lib
Effort level         - std

I2050: Starting reading inputs for placer
=============================================================
I2100: Reading design library: C:/Users/Eloy/Desktop/TFG/Repo/kibotics-drones4kids/TFG_Eloy/SP/SP17/PI7/Pc2Drone/Pc2Drone_Implmnt\sbt\netlist\oadb-Pc2drone/BFPGA_DESIGN_ep
I2065: Reading device file : C:\lscc\iCEcube2.2017.08\sbt_backend\devices\ICE40T05.dev
I2051: Reading of inputs for placer completed successfully

I2053: Starting placement of the design
=============================================================

Input Design Statistics
    Number of LUTs      	:	2026
    Number of DFFs      	:	981
    Number of DFFs packed to IO	:	0
    Number of Carrys    	:	410
    Number of RAMs      	:	0
    Number of ROMs      	:	0
    Number of IOs       	:	10
    Number of GBIOs     	:	0
    Number of GBs       	:	8
    Number of WarmBoot  	:	0
    Number of PLLs      	:	1
    Number of I2Cs      	:	0
    Number of SPIs      	:	0
    Number of DSPs     	:	7
    Number of SBIOODs     	:	0
    Number of LEDDAIPs     	:	0
    Number of RGBADRVs     	:	0
    Number of LFOSCs     	:	0
    Number of HFOSCs     	:	0
    Number of FILTER_50NSs     	:	0
    Number of SPRAMs     	:	0


Phase 1
I2077: Start design legalization

Design Legalization Statistics
    Number of feedthru LUTs inserted to legalize input of DFFs     	:	356
    Number of feedthru LUTs inserted for LUTs driving multiple DFFs	:	77
    Number of LUTs replicated for LUTs driving multiple DFFs       	:	36
    Number of feedthru LUTs inserted to legalize output of CARRYs  	:	49
    Number of feedthru LUTs inserted to legalize global signals    	:	0
    Number of feedthru CARRYs inserted to legalize input of CARRYs 	:	3
    Number of inserted LUTs to Legalize IOs with PIN_TYPE= 01xxxx  	:	0
    Number of inserted LUTs to Legalize IOs with PIN_TYPE= 10xxxx  	:	0
    Number of inserted LUTs to Legalize IOs with PIN_TYPE= 11xxxx  	:	0
    Total LUTs inserted                                            	:	518
    Total CARRYs inserted                                          	:	3


I2078: Design legalization is completed successfully
I2088: Phase 1, elapsed time : 0.1 (sec)


Phase 2
I2088: Phase 2, elapsed time : 0.2 (sec)

Phase 3
Info-1404: Inferred PLL generated clock at Pc2drone_pll_inst.Pc2drone_pll_inst/PLLOUTCORE
Info-1404: Inferred PLL generated clock at Pc2drone_pll_inst.Pc2drone_pll_inst/PLLOUTGLOBAL

Design Statistics after Packing
    Number of LUTs      	:	2545
    Number of DFFs      	:	981
    Number of DFFs packed to IO	:	0
    Number of Carrys    	:	413

Device Utilization Summary after Packing
    Sequential LogicCells
        LUT and DFF      	:	825
        LUT, DFF and CARRY	:	156
    Combinational LogicCells
        Only LUT         	:	1346
        CARRY Only       	:	39
        LUT with CARRY   	:	218
    LogicCells                  :	2584/5280
    PLBs                        :	346/660
    BRAMs                       :	0/30
    IOs and GBIOs               :	10/36
    PLLs                        :	1/1
    I2Cs                        :	0/2
    SPIs                        :	0/2
    DSPs                        :	7/8
    SBIOODs                     :	0/3
    RGBADRVs                    :	0/1
    LEDDAIPs                    :	0/1
    LFOSCs                      :	0/1
    HFOSCs                      :	0/1
    SPRAMs                      :	0/4
    FILTER50NSs                 :	0/2


I2088: Phase 3, elapsed time : 7.9 (sec)

Phase 4
I2108: 0 SB_IO_I3C instances present in the design. 2 I3C IOs available in the device
I2088: Phase 4, elapsed time : 0.4 (sec)

Phase 5
I2088: Phase 5, elapsed time : 27.5 (sec)

Phase 6
I2088: Phase 6, elapsed time : 107.9 (sec)

Final Design Statistics
    Number of LUTs      	:	2545
    Number of DFFs      	:	981
    Number of DFFs packed to IO	:	0
    Number of Carrys    	:	413
    Number of RAMs      	:	0
    Number of ROMs      	:	0
    Number of IOs       	:	10
    Number of GBIOs     	:	0
    Number of GBs       	:	8
    Number of WarmBoot  	:	0
    Number of PLLs      	:	1
    Number of I2Cs      	:	0
    Number of SPIs      	:	0
    Number of DSPs     	:	7
    Number of SBIOODs     	:	0
    Number of LEDDAIPs     	:	0
    Number of RGBADRVs     	:	0
    Number of LFOSCs     	:	0
    Number of HFOSCs     	:	0
    Number of FILTER_50NSs     	:	0
    Number of SPRAMs     	:	0

Device Utilization Summary
    LogicCells                  :	2584/5280
    PLBs                        :	444/660
    BRAMs                       :	0/30
    IOs and GBIOs               :	10/36
    PLLs                        :	1/1
    I2Cs                        :	0/2
    SPIs                        :	0/2
    DSPs                        :	7/8
    SBIOODs                     :	0/3
    RGBADRVs                    :	0/1
    LEDDAIPs                    :	0/1
    LFOSCs                      :	0/1
    HFOSCs                      :	0/1
    SPRAMs                      :	0/4
    FILTER50NSs                 :	0/2



#####################################################################
Placement Timing Summary

The timing summary is based on estimated routing delays after
placement. For final timing report, please carry out the timing
analysis after routing.
=====================================================================

#####################################################################
                     Clock Summary 
=====================================================================
Number of clocks: 3
Clock: Pc2drone_pll_inst.Pc2drone_pll_inst/PLLOUTCORE | Frequency: 40.11 MHz | Target: 59.88 MHz
Clock: Pc2drone_pll_inst.Pc2drone_pll_inst/PLLOUTGLOBAL | Frequency: N/A | Target: 59.88 MHz
Clock: Pc2drone|clk_system | Frequency: N/A | Target: 59.88 MHz

=====================================================================
                     End of Clock Summary
#####################################################################

I2054: Placement of design completed successfully

I2076: Placer run-time: 146.4 sec.

