---------------------------------------
Resource Usage Report for Pc2drone 

Mapping to part: ice40up5ksg48
Cell usage:
GND             12 uses
SB_CARRY        335 uses
SB_DFF          73 uses
SB_DFFE         23 uses
SB_DFFESR       315 uses
SB_DFFESS       6 uses
SB_DFFSR        155 uses
SB_DFFSS        32 uses
SB_GB           6 uses
VCC             12 uses
SB_MAC16            7 uses
  MULTONLY  7 uses
SB_LUT4         993 uses

I/O ports: 11
I/O primitives: 11
SB_GB_IO       1 use
SB_IO          10 uses

I/O Register bits:                  0
Register bits not including I/Os:   604 (11%)

@S |Mapping Summary:
Total  LUTs: 993 (18%)

Distribution of All Consumed LUTs = LUT4 
Distribution of All Consumed Luts 993 = 993 

