---------------------------------------
Resource Usage Report for Pc2drone 

Mapping to part: ice40up5ksg48
Cell usage:
GND             12 uses
SB_CARRY        230 uses
SB_DFF          81 uses
SB_DFFE         11 uses
SB_DFFESR       125 uses
SB_DFFESS       10 uses
SB_DFFSR        138 uses
SB_DFFSS        32 uses
SB_GB           3 uses
VCC             12 uses
SB_MAC16            1 use
  MULTONLY  1 use
SB_LUT4         712 uses

I/O ports: 8
I/O primitives: 8
SB_GB_IO       1 use
SB_IO          7 uses

I/O Register bits:                  0
Register bits not including I/Os:   397 (7%)

@S |Mapping Summary:
Total  LUTs: 712 (13%)

Distribution of All Consumed LUTs = LUT4 
Distribution of All Consumed Luts 712 = 712 

